2019-10-14 09:37:14,087 [Worker-2] INFO  o.e.m.c.i.l.LifecycleMappingFactory - Using org.eclipse.m2e.jdt.JarLifecycleMapping lifecycle mapping for MavenProject: com.cognizant:truyum:0.0.1-SNAPSHOT @ D:\Projects\submissions\truyum-v2\monolithic-services\truyum\pom.xml.
2019-10-14 09:37:15,885 [Worker-2] INFO  o.e.m.j.i.AbstractJavaProjectConfigurator - Adding source folder /truyum/src/main/java
2019-10-14 09:37:15,886 [Worker-2] INFO  o.e.m.j.i.AbstractJavaProjectConfigurator - Adding resource folder /truyum/src/main/resources
2019-10-14 09:37:15,908 [Worker-2] INFO  o.e.m.j.i.AbstractJavaProjectConfigurator - Adding resource folder /truyum/src/main/resources
2019-10-14 09:37:15,916 [Worker-2] INFO  o.e.m.j.i.AbstractJavaProjectConfigurator - Adding source folder /truyum/src/test/java
2019-10-14 09:37:17,197 [Worker-2] INFO  o.e.m.c.i.p.ProjectConfigurationManager - Imported and configured 1 project(s) in 4 sec
2019-10-14 09:37:18,916 [Worker-0] INFO  o.e.m.c.i.embedder.EclipseLogger - Using 'UTF-8' encoding to copy filtered resources.
2019-10-14 09:37:18,921 [Worker-0] INFO  o.e.m.c.i.embedder.EclipseLogger - Copying 1 resource
2019-10-14 09:37:18,937 [Worker-0] INFO  o.e.m.c.i.embedder.EclipseLogger - Copying 1 resource
2019-10-14 09:37:18,961 [Worker-0] INFO  o.e.m.c.i.embedder.EclipseLogger - Using 'UTF-8' encoding to copy filtered resources.
2019-10-14 09:37:18,962 [Worker-0] INFO  o.e.m.c.i.embedder.EclipseLogger - skip non existing resourceDirectory D:\Projects\submissions\truyum-v2\monolithic-services\truyum\src\test\resources
2019-10-14 09:42:15,223 [Worker-8] INFO  o.e.m.c.i.embedder.EclipseLogger - Using 'UTF-8' encoding to copy filtered resources.
2019-10-14 09:42:15,277 [Worker-8] INFO  o.e.m.c.i.embedder.EclipseLogger - Copying 1 resource
2019-10-14 09:42:15,282 [Worker-8] INFO  o.e.m.c.i.embedder.EclipseLogger - Copying 1 resource
2019-10-14 09:42:15,285 [Worker-8] INFO  o.e.m.c.i.embedder.EclipseLogger - Using 'UTF-8' encoding to copy filtered resources.
2019-10-14 09:42:15,285 [Worker-8] INFO  o.e.m.c.i.embedder.EclipseLogger - skip non existing resourceDirectory D:\Projects\submissions\truyum-v2\monolithic-services\truyum\src\test\resources
2019-10-14 09:42:20,090 [Worker-3] INFO  o.e.m.c.i.embedder.EclipseLogger - Using 'UTF-8' encoding to copy filtered resources.
2019-10-14 09:42:20,091 [Worker-3] INFO  o.e.m.c.i.embedder.EclipseLogger - Copying 1 resource
2019-10-14 09:42:20,096 [Worker-3] INFO  o.e.m.c.i.embedder.EclipseLogger - Copying 1 resource
2019-10-14 09:42:20,099 [Worker-3] INFO  o.e.m.c.i.embedder.EclipseLogger - Using 'UTF-8' encoding to copy filtered resources.
2019-10-14 09:42:20,099 [Worker-3] INFO  o.e.m.c.i.embedder.EclipseLogger - skip non existing resourceDirectory D:\Projects\submissions\truyum-v2\monolithic-services\truyum\src\test\resources
2019-10-14 09:42:50,327 [Worker-6] INFO  o.e.m.c.i.embedder.EclipseLogger - Using 'UTF-8' encoding to copy filtered resources.
2019-10-14 09:42:50,331 [Worker-6] INFO  o.e.m.c.i.embedder.EclipseLogger - Copying 1 resource
2019-10-14 09:42:50,339 [Worker-6] INFO  o.e.m.c.i.embedder.EclipseLogger - Copying 1 resource
2019-10-14 09:42:50,342 [Worker-6] INFO  o.e.m.c.i.embedder.EclipseLogger - Using 'UTF-8' encoding to copy filtered resources.
2019-10-14 09:42:50,342 [Worker-6] INFO  o.e.m.c.i.embedder.EclipseLogger - skip non existing resourceDirectory D:\Projects\submissions\truyum-v2\monolithic-services\truyum\src\test\resources
2019-10-14 09:46:23,226 [Worker-3] INFO  o.e.m.c.i.embedder.EclipseLogger - Using 'UTF-8' encoding to copy filtered resources.
2019-10-14 09:46:23,227 [Worker-3] INFO  o.e.m.c.i.embedder.EclipseLogger - Copying 1 resource
2019-10-14 09:46:23,231 [Worker-3] INFO  o.e.m.c.i.embedder.EclipseLogger - Copying 1 resource
2019-10-14 09:46:23,234 [Worker-3] INFO  o.e.m.c.i.embedder.EclipseLogger - Using 'UTF-8' encoding to copy filtered resources.
2019-10-14 09:46:23,234 [Worker-3] INFO  o.e.m.c.i.embedder.EclipseLogger - skip non existing resourceDirectory D:\Projects\submissions\truyum-v2\monolithic-services\truyum\src\test\resources
2019-10-14 09:48:12,010 [Worker-3] INFO  o.e.m.c.i.embedder.EclipseLogger - Using 'UTF-8' encoding to copy filtered resources.
2019-10-14 09:48:12,011 [Worker-3] INFO  o.e.m.c.i.embedder.EclipseLogger - Copying 1 resource
2019-10-14 09:48:12,018 [Worker-3] INFO  o.e.m.c.i.embedder.EclipseLogger - Copying 1 resource
2019-10-14 09:48:12,022 [Worker-3] INFO  o.e.m.c.i.embedder.EclipseLogger - Using 'UTF-8' encoding to copy filtered resources.
2019-10-14 09:48:12,023 [Worker-3] INFO  o.e.m.c.i.embedder.EclipseLogger - skip non existing resourceDirectory D:\Projects\submissions\truyum-v2\monolithic-services\truyum\src\test\resources
2019-10-14 09:48:46,310 [Worker-6] INFO  o.e.m.c.i.embedder.EclipseLogger - Using 'UTF-8' encoding to copy filtered resources.
2019-10-14 09:48:46,310 [Worker-6] INFO  o.e.m.c.i.embedder.EclipseLogger - Copying 1 resource
2019-10-14 09:48:46,322 [Worker-6] INFO  o.e.m.c.i.embedder.EclipseLogger - Copying 1 resource
2019-10-14 09:48:46,324 [Worker-6] INFO  o.e.m.c.i.embedder.EclipseLogger - Using 'UTF-8' encoding to copy filtered resources.
2019-10-14 09:48:46,331 [Worker-6] INFO  o.e.m.c.i.embedder.EclipseLogger - skip non existing resourceDirectory D:\Projects\submissions\truyum-v2\monolithic-services\truyum\src\test\resources
2019-10-14 10:01:55,187 [Worker-19] INFO  o.e.m.c.i.embedder.EclipseLogger - Using 'UTF-8' encoding to copy filtered resources.
2019-10-14 10:01:55,189 [Worker-19] INFO  o.e.m.c.i.embedder.EclipseLogger - Copying 0 resource
2019-10-14 10:01:55,190 [Worker-19] INFO  o.e.m.c.i.embedder.EclipseLogger - Copying 1 resource
2019-10-14 10:01:55,197 [Worker-19] INFO  o.e.m.c.i.embedder.EclipseLogger - Using 'UTF-8' encoding to copy filtered resources.
2019-10-14 10:01:55,197 [Worker-19] INFO  o.e.m.c.i.embedder.EclipseLogger - skip non existing resourceDirectory D:\Projects\submissions\truyum-v2\monolithic-services\truyum\src\test\resources
2019-10-14 10:08:34,405 [Worker-29] INFO  o.e.m.c.i.embedder.EclipseLogger - Using 'UTF-8' encoding to copy filtered resources.
2019-10-14 10:08:34,405 [Worker-29] INFO  o.e.m.c.i.embedder.EclipseLogger - Copying 0 resource
2019-10-14 10:08:34,405 [Worker-29] INFO  o.e.m.c.i.embedder.EclipseLogger - Copying 1 resource
2019-10-14 10:08:34,414 [Worker-29] INFO  o.e.m.c.i.embedder.EclipseLogger - Using 'UTF-8' encoding to copy filtered resources.
2019-10-14 10:08:34,414 [Worker-29] INFO  o.e.m.c.i.embedder.EclipseLogger - skip non existing resourceDirectory D:\Projects\submissions\truyum-v2\monolithic-services\truyum\src\test\resources
2019-10-14 10:09:22,471 [Worker-28] INFO  o.e.m.c.i.embedder.EclipseLogger - Using 'UTF-8' encoding to copy filtered resources.
2019-10-14 10:09:22,472 [Worker-28] INFO  o.e.m.c.i.embedder.EclipseLogger - Copying 0 resource
2019-10-14 10:09:22,473 [Worker-28] INFO  o.e.m.c.i.embedder.EclipseLogger - Copying 1 resource
2019-10-14 10:09:22,486 [Worker-28] INFO  o.e.m.c.i.embedder.EclipseLogger - Using 'UTF-8' encoding to copy filtered resources.
2019-10-14 10:09:22,487 [Worker-28] INFO  o.e.m.c.i.embedder.EclipseLogger - skip non existing resourceDirectory D:\Projects\submissions\truyum-v2\monolithic-services\truyum\src\test\resources
2019-10-14 10:09:52,980 [Worker-29] INFO  o.e.m.c.i.embedder.EclipseLogger - Using 'UTF-8' encoding to copy filtered resources.
2019-10-14 10:09:52,981 [Worker-29] INFO  o.e.m.c.i.embedder.EclipseLogger - Copying 1 resource
2019-10-14 10:09:52,984 [Worker-29] INFO  o.e.m.c.i.embedder.EclipseLogger - Copying 1 resource
2019-10-14 10:09:52,986 [Worker-29] INFO  o.e.m.c.i.embedder.EclipseLogger - Using 'UTF-8' encoding to copy filtered resources.
2019-10-14 10:09:52,986 [Worker-29] INFO  o.e.m.c.i.embedder.EclipseLogger - skip non existing resourceDirectory D:\Projects\submissions\truyum-v2\monolithic-services\truyum\src\test\resources
2019-10-14 10:22:33,083 [Worker-39] INFO  o.e.m.c.i.embedder.EclipseLogger - Using 'UTF-8' encoding to copy filtered resources.
2019-10-14 10:22:33,083 [Worker-39] INFO  o.e.m.c.i.embedder.EclipseLogger - Copying 0 resource
2019-10-14 10:22:33,083 [Worker-39] INFO  o.e.m.c.i.embedder.EclipseLogger - Copying 1 resource
2019-10-14 10:22:33,088 [Worker-39] INFO  o.e.m.c.i.embedder.EclipseLogger - Using 'UTF-8' encoding to copy filtered resources.
2019-10-14 10:22:33,088 [Worker-39] INFO  o.e.m.c.i.embedder.EclipseLogger - skip non existing resourceDirectory D:\Projects\submissions\truyum-v2\monolithic-services\truyum\src\test\resources
2019-10-14 10:24:35,113 [Worker-40] INFO  o.e.m.c.i.embedder.EclipseLogger - Using 'UTF-8' encoding to copy filtered resources.
2019-10-14 10:24:35,114 [Worker-40] INFO  o.e.m.c.i.embedder.EclipseLogger - Copying 1 resource
2019-10-14 10:24:35,124 [Worker-40] INFO  o.e.m.c.i.embedder.EclipseLogger - Copying 1 resource
2019-10-14 10:24:35,126 [Worker-40] INFO  o.e.m.c.i.embedder.EclipseLogger - Using 'UTF-8' encoding to copy filtered resources.
2019-10-14 10:24:35,126 [Worker-40] INFO  o.e.m.c.i.embedder.EclipseLogger - skip non existing resourceDirectory D:\Projects\submissions\truyum-v2\monolithic-services\truyum\src\test\resources
2019-10-14 10:24:46,410 [Worker-36] INFO  o.e.m.c.i.embedder.EclipseLogger - Using 'UTF-8' encoding to copy filtered resources.
2019-10-14 10:24:46,411 [Worker-36] INFO  o.e.m.c.i.embedder.EclipseLogger - Copying 0 resource
2019-10-14 10:24:46,412 [Worker-36] INFO  o.e.m.c.i.embedder.EclipseLogger - Copying 1 resource
2019-10-14 10:24:46,423 [Worker-36] INFO  o.e.m.c.i.embedder.EclipseLogger - Using 'UTF-8' encoding to copy filtered resources.
2019-10-14 10:24:46,423 [Worker-36] INFO  o.e.m.c.i.embedder.EclipseLogger - skip non existing resourceDirectory D:\Projects\submissions\truyum-v2\monolithic-services\truyum\src\test\resources
2019-10-14 10:24:50,060 [Worker-36] INFO  o.e.m.c.i.embedder.EclipseLogger - Using 'UTF-8' encoding to copy filtered resources.
2019-10-14 10:24:50,060 [Worker-36] INFO  o.e.m.c.i.embedder.EclipseLogger - Copying 1 resource
2019-10-14 10:24:50,063 [Worker-36] INFO  o.e.m.c.i.embedder.EclipseLogger - Copying 1 resource
2019-10-14 10:24:50,065 [Worker-36] INFO  o.e.m.c.i.embedder.EclipseLogger - Using 'UTF-8' encoding to copy filtered resources.
2019-10-14 10:24:50,065 [Worker-36] INFO  o.e.m.c.i.embedder.EclipseLogger - skip non existing resourceDirectory D:\Projects\submissions\truyum-v2\monolithic-services\truyum\src\test\resources
2019-10-14 10:25:23,141 [Worker-40] INFO  o.e.m.c.i.embedder.EclipseLogger - Using 'UTF-8' encoding to copy filtered resources.
2019-10-14 10:25:23,142 [Worker-40] INFO  o.e.m.c.i.embedder.EclipseLogger - Copying 1 resource
2019-10-14 10:25:23,144 [Worker-40] INFO  o.e.m.c.i.embedder.EclipseLogger - Copying 1 resource
2019-10-14 10:25:23,148 [Worker-40] INFO  o.e.m.c.i.embedder.EclipseLogger - Using 'UTF-8' encoding to copy filtered resources.
2019-10-14 10:25:23,148 [Worker-40] INFO  o.e.m.c.i.embedder.EclipseLogger - skip non existing resourceDirectory D:\Projects\submissions\truyum-v2\monolithic-services\truyum\src\test\resources
2019-10-14 10:25:35,935 [Worker-43] INFO  o.e.m.c.i.embedder.EclipseLogger - Using 'UTF-8' encoding to copy filtered resources.
2019-10-14 10:25:35,936 [Worker-43] INFO  o.e.m.c.i.embedder.EclipseLogger - Copying 1 resource
2019-10-14 10:25:35,941 [Worker-43] INFO  o.e.m.c.i.embedder.EclipseLogger - Copying 1 resource
2019-10-14 10:25:35,943 [Worker-43] INFO  o.e.m.c.i.embedder.EclipseLogger - Using 'UTF-8' encoding to copy filtered resources.
2019-10-14 10:25:35,943 [Worker-43] INFO  o.e.m.c.i.embedder.EclipseLogger - skip non existing resourceDirectory D:\Projects\submissions\truyum-v2\monolithic-services\truyum\src\test\resources
2019-10-14 10:25:44,568 [Worker-40] INFO  o.e.m.c.i.embedder.EclipseLogger - Using 'UTF-8' encoding to copy filtered resources.
2019-10-14 10:25:44,569 [Worker-40] INFO  o.e.m.c.i.embedder.EclipseLogger - Copying 1 resource
2019-10-14 10:25:44,572 [Worker-40] INFO  o.e.m.c.i.embedder.EclipseLogger - Copying 1 resource
2019-10-14 10:25:44,574 [Worker-40] INFO  o.e.m.c.i.embedder.EclipseLogger - Using 'UTF-8' encoding to copy filtered resources.
2019-10-14 10:25:44,574 [Worker-40] INFO  o.e.m.c.i.embedder.EclipseLogger - skip non existing resourceDirectory D:\Projects\submissions\truyum-v2\monolithic-services\truyum\src\test\resources
2019-10-14 10:25:49,377 [Worker-36] INFO  o.e.m.c.i.embedder.EclipseLogger - Using 'UTF-8' encoding to copy filtered resources.
2019-10-14 10:25:49,378 [Worker-36] INFO  o.e.m.c.i.embedder.EclipseLogger - Copying 1 resource
2019-10-14 10:25:49,381 [Worker-36] INFO  o.e.m.c.i.embedder.EclipseLogger - Copying 1 resource
2019-10-14 10:25:49,383 [Worker-36] INFO  o.e.m.c.i.embedder.EclipseLogger - Using 'UTF-8' encoding to copy filtered resources.
2019-10-14 10:25:49,383 [Worker-36] INFO  o.e.m.c.i.embedder.EclipseLogger - skip non existing resourceDirectory D:\Projects\submissions\truyum-v2\monolithic-services\truyum\src\test\resources
2019-10-14 10:26:27,679 [Worker-42] INFO  o.e.m.c.i.embedder.EclipseLogger - Using 'UTF-8' encoding to copy filtered resources.
2019-10-14 10:26:27,679 [Worker-42] INFO  o.e.m.c.i.embedder.EclipseLogger - Copying 1 resource
2019-10-14 10:26:27,682 [Worker-42] INFO  o.e.m.c.i.embedder.EclipseLogger - Copying 1 resource
2019-10-14 10:26:27,684 [Worker-42] INFO  o.e.m.c.i.embedder.EclipseLogger - Using 'UTF-8' encoding to copy filtered resources.
2019-10-14 10:26:27,685 [Worker-42] INFO  o.e.m.c.i.embedder.EclipseLogger - skip non existing resourceDirectory D:\Projects\submissions\truyum-v2\monolithic-services\truyum\src\test\resources
2019-10-14 10:27:10,860 [Worker-44] WARN  o.e.r.models.ModelRepository - Failed to download org.eclipse.recommenders:index::zip:0.0.0
org.eclipse.aether.resolution.ArtifactResolutionException: Could not transfer artifact org.eclipse.recommenders:index:zip:0.0.0-SNAPSHOT from/to models (http://download.eclipse.org/recommenders/models/neon/): Checksum validation failed, no checksums available
	at org.eclipse.aether.internal.impl.DefaultArtifactResolver.resolve(DefaultArtifactResolver.java:444) ~[na:na]
	at org.eclipse.aether.internal.impl.DefaultArtifactResolver.resolveArtifacts(DefaultArtifactResolver.java:246) ~[na:na]
	at org.eclipse.aether.internal.impl.DefaultArtifactResolver.resolveArtifact(DefaultArtifactResolver.java:223) ~[na:na]
	at org.eclipse.aether.internal.impl.DefaultRepositorySystem.resolveArtifact(DefaultRepositorySystem.java:294) ~[na:na]
	at org.eclipse.recommenders.models.ModelRepository.resolveInternal(ModelRepository.java:193) [org.eclipse.recommenders.models_2.4.3.v20160913-0645.jar:na]
	at org.eclipse.recommenders.models.ModelRepository.resolve(ModelRepository.java:172) [org.eclipse.recommenders.models_2.4.3.v20160913-0645.jar:na]
	at org.eclipse.recommenders.internal.models.rcp.EclipseModelRepository.resolve(EclipseModelRepository.java:165) [org.eclipse.recommenders.models.rcp_2.4.3.v20160913-0645.jar:na]
	at org.eclipse.recommenders.internal.models.rcp.DownloadModelArchiveJob.run(DownloadModelArchiveJob.java:76) [org.eclipse.recommenders.models.rcp_2.4.3.v20160913-0645.jar:na]
	at org.eclipse.core.internal.jobs.Worker.run(Worker.java:55) [org.eclipse.core.jobs_3.8.0.v20160509-0411.jar:na]
Caused by: org.eclipse.aether.transfer.ArtifactTransferException: Could not transfer artifact org.eclipse.recommenders:index:zip:0.0.0-SNAPSHOT from/to models (http://download.eclipse.org/recommenders/models/neon/): Checksum validation failed, no checksums available
	at org.eclipse.aether.connector.basic.ArtifactTransportListener.transferFailed(ArtifactTransportListener.java:43) ~[org.eclipse.aether.connector.basic_1.0.1.v20141111.jar:na]
	at org.eclipse.aether.connector.basic.BasicRepositoryConnector$TaskRunner.run(BasicRepositoryConnector.java:355) ~[org.eclipse.aether.connector.basic_1.0.1.v20141111.jar:na]
	at org.eclipse.aether.util.concurrency.RunnableErrorForwarder$1.run(RunnableErrorForwarder.java:67) ~[na:na]
	at org.eclipse.aether.connector.basic.BasicRepositoryConnector$DirectExecutor.execute(BasicRepositoryConnector.java:581) ~[org.eclipse.aether.connector.basic_1.0.1.v20141111.jar:na]
	at org.eclipse.aether.connector.basic.BasicRepositoryConnector.get(BasicRepositoryConnector.java:249) ~[org.eclipse.aether.connector.basic_1.0.1.v20141111.jar:na]
	at org.eclipse.aether.internal.impl.DefaultArtifactResolver.performDownloads(DefaultArtifactResolver.java:520) ~[na:na]
	at org.eclipse.aether.internal.impl.DefaultArtifactResolver.resolve(DefaultArtifactResolver.java:421) ~[na:na]
	... 8 common frames omitted
Caused by: org.eclipse.aether.transfer.ChecksumFailureException: Checksum validation failed, no checksums available
	at org.eclipse.aether.internal.impl.AbstractChecksumPolicy.onNoMoreChecksums(AbstractChecksumPolicy.java:58) ~[na:na]
	at org.eclipse.aether.connector.basic.ChecksumValidator.validate(ChecksumValidator.java:98) ~[org.eclipse.aether.connector.basic_1.0.1.v20141111.jar:na]
	at org.eclipse.aether.connector.basic.BasicRepositoryConnector$GetTaskRunner.runTask(BasicRepositoryConnector.java:450) ~[org.eclipse.aether.connector.basic_1.0.1.v20141111.jar:na]
	at org.eclipse.aether.connector.basic.BasicRepositoryConnector$TaskRunner.run(BasicRepositoryConnector.java:350) ~[org.eclipse.aether.connector.basic_1.0.1.v20141111.jar:na]
	... 13 common frames omitted
2019-10-14 10:41:31,877 [Worker-40] INFO  o.e.m.c.i.embedder.EclipseLogger - Using 'UTF-8' encoding to copy filtered resources.
2019-10-14 10:41:31,877 [Worker-40] INFO  o.e.m.c.i.embedder.EclipseLogger - Copying 1 resource
2019-10-14 10:41:31,880 [Worker-40] INFO  o.e.m.c.i.embedder.EclipseLogger - Copying 1 resource
2019-10-14 10:41:31,882 [Worker-40] INFO  o.e.m.c.i.embedder.EclipseLogger - Using 'UTF-8' encoding to copy filtered resources.
2019-10-14 10:41:31,882 [Worker-40] INFO  o.e.m.c.i.embedder.EclipseLogger - skip non existing resourceDirectory D:\Projects\submissions\truyum-v2\monolithic-services\truyum\src\test\resources
2019-10-14 10:42:08,458 [Worker-50] INFO  o.e.m.c.i.embedder.EclipseLogger - Using 'UTF-8' encoding to copy filtered resources.
2019-10-14 10:42:08,458 [Worker-50] INFO  o.e.m.c.i.embedder.EclipseLogger - Copying 1 resource
2019-10-14 10:42:08,462 [Worker-50] INFO  o.e.m.c.i.embedder.EclipseLogger - Copying 1 resource
2019-10-14 10:42:08,463 [Worker-50] INFO  o.e.m.c.i.embedder.EclipseLogger - Using 'UTF-8' encoding to copy filtered resources.
2019-10-14 10:42:08,464 [Worker-50] INFO  o.e.m.c.i.embedder.EclipseLogger - skip non existing resourceDirectory D:\Projects\submissions\truyum-v2\monolithic-services\truyum\src\test\resources
2019-10-14 10:42:42,498 [Worker-49] INFO  o.e.m.c.i.embedder.EclipseLogger - Using 'UTF-8' encoding to copy filtered resources.
2019-10-14 10:42:42,498 [Worker-49] INFO  o.e.m.c.i.embedder.EclipseLogger - Copying 0 resource
2019-10-14 10:42:42,498 [Worker-49] INFO  o.e.m.c.i.embedder.EclipseLogger - Copying 1 resource
2019-10-14 10:42:42,502 [Worker-49] INFO  o.e.m.c.i.embedder.EclipseLogger - Using 'UTF-8' encoding to copy filtered resources.
2019-10-14 10:42:42,503 [Worker-49] INFO  o.e.m.c.i.embedder.EclipseLogger - skip non existing resourceDirectory D:\Projects\submissions\truyum-v2\monolithic-services\truyum\src\test\resources
2019-10-14 10:43:53,653 [Worker-50] INFO  o.e.m.c.i.embedder.EclipseLogger - Using 'UTF-8' encoding to copy filtered resources.
2019-10-14 10:43:53,654 [Worker-50] INFO  o.e.m.c.i.embedder.EclipseLogger - Copying 0 resource
2019-10-14 10:43:53,655 [Worker-50] INFO  o.e.m.c.i.embedder.EclipseLogger - Copying 1 resource
2019-10-14 10:43:53,661 [Worker-50] INFO  o.e.m.c.i.embedder.EclipseLogger - Using 'UTF-8' encoding to copy filtered resources.
2019-10-14 10:43:53,662 [Worker-50] INFO  o.e.m.c.i.embedder.EclipseLogger - skip non existing resourceDirectory D:\Projects\submissions\truyum-v2\monolithic-services\truyum\src\test\resources
2019-10-14 10:49:51,808 [Worker-55] INFO  o.e.m.c.i.embedder.EclipseLogger - Using 'UTF-8' encoding to copy filtered resources.
2019-10-14 10:49:51,810 [Worker-55] INFO  o.e.m.c.i.embedder.EclipseLogger - Copying 1 resource
2019-10-14 10:49:51,816 [Worker-55] INFO  o.e.m.c.i.embedder.EclipseLogger - Copying 1 resource
2019-10-14 10:49:51,818 [Worker-55] INFO  o.e.m.c.i.embedder.EclipseLogger - Using 'UTF-8' encoding to copy filtered resources.
2019-10-14 10:49:51,819 [Worker-55] INFO  o.e.m.c.i.embedder.EclipseLogger - skip non existing resourceDirectory D:\Projects\submissions\truyum-v2\monolithic-services\truyum\src\test\resources
2019-10-14 10:54:16,657 [Worker-55] INFO  o.e.m.c.i.embedder.EclipseLogger - Using 'UTF-8' encoding to copy filtered resources.
2019-10-14 10:54:16,657 [Worker-55] INFO  o.e.m.c.i.embedder.EclipseLogger - Copying 1 resource
2019-10-14 10:54:16,659 [Worker-55] INFO  o.e.m.c.i.embedder.EclipseLogger - Copying 1 resource
2019-10-14 10:54:16,662 [Worker-55] INFO  o.e.m.c.i.embedder.EclipseLogger - Using 'UTF-8' encoding to copy filtered resources.
2019-10-14 10:54:16,662 [Worker-55] INFO  o.e.m.c.i.embedder.EclipseLogger - skip non existing resourceDirectory D:\Projects\submissions\truyum-v2\monolithic-services\truyum\src\test\resources
2019-10-14 10:54:19,202 [Worker-64] INFO  o.e.m.c.i.embedder.EclipseLogger - Using 'UTF-8' encoding to copy filtered resources.
2019-10-14 10:54:19,203 [Worker-64] INFO  o.e.m.c.i.embedder.EclipseLogger - Copying 1 resource
2019-10-14 10:54:19,211 [Worker-64] INFO  o.e.m.c.i.embedder.EclipseLogger - Copying 1 resource
2019-10-14 10:54:19,214 [Worker-64] INFO  o.e.m.c.i.embedder.EclipseLogger - Using 'UTF-8' encoding to copy filtered resources.
2019-10-14 10:54:19,214 [Worker-64] INFO  o.e.m.c.i.embedder.EclipseLogger - skip non existing resourceDirectory D:\Projects\submissions\truyum-v2\monolithic-services\truyum\src\test\resources
2019-10-14 10:55:08,351 [Worker-55] INFO  o.e.m.c.i.embedder.EclipseLogger - Using 'UTF-8' encoding to copy filtered resources.
2019-10-14 10:55:08,351 [Worker-55] INFO  o.e.m.c.i.embedder.EclipseLogger - Copying 1 resource
2019-10-14 10:55:08,354 [Worker-55] INFO  o.e.m.c.i.embedder.EclipseLogger - Copying 1 resource
2019-10-14 10:55:08,357 [Worker-55] INFO  o.e.m.c.i.embedder.EclipseLogger - Using 'UTF-8' encoding to copy filtered resources.
2019-10-14 10:55:08,357 [Worker-55] INFO  o.e.m.c.i.embedder.EclipseLogger - skip non existing resourceDirectory D:\Projects\submissions\truyum-v2\monolithic-services\truyum\src\test\resources
2019-10-14 10:56:24,935 [Worker-63] INFO  o.e.m.c.i.embedder.EclipseLogger - Using 'UTF-8' encoding to copy filtered resources.
2019-10-14 10:56:24,936 [Worker-63] INFO  o.e.m.c.i.embedder.EclipseLogger - Copying 1 resource
2019-10-14 10:56:24,939 [Worker-63] INFO  o.e.m.c.i.embedder.EclipseLogger - Copying 1 resource
2019-10-14 10:56:24,941 [Worker-63] INFO  o.e.m.c.i.embedder.EclipseLogger - Using 'UTF-8' encoding to copy filtered resources.
2019-10-14 10:56:24,941 [Worker-63] INFO  o.e.m.c.i.embedder.EclipseLogger - skip non existing resourceDirectory D:\Projects\submissions\truyum-v2\monolithic-services\truyum\src\test\resources
2019-10-14 10:57:40,485 [Worker-61] INFO  o.e.m.c.i.embedder.EclipseLogger - Using 'UTF-8' encoding to copy filtered resources.
2019-10-14 10:57:40,486 [Worker-61] INFO  o.e.m.c.i.embedder.EclipseLogger - Copying 1 resource
2019-10-14 10:57:40,492 [Worker-61] INFO  o.e.m.c.i.embedder.EclipseLogger - Copying 1 resource
2019-10-14 10:57:40,494 [Worker-61] INFO  o.e.m.c.i.embedder.EclipseLogger - Using 'UTF-8' encoding to copy filtered resources.
2019-10-14 10:57:40,494 [Worker-61] INFO  o.e.m.c.i.embedder.EclipseLogger - skip non existing resourceDirectory D:\Projects\submissions\truyum-v2\monolithic-services\truyum\src\test\resources
2019-10-14 10:59:32,980 [Worker-62] INFO  o.e.m.c.i.embedder.EclipseLogger - Using 'UTF-8' encoding to copy filtered resources.
2019-10-14 10:59:32,980 [Worker-62] INFO  o.e.m.c.i.embedder.EclipseLogger - Copying 1 resource
2019-10-14 10:59:32,988 [Worker-62] INFO  o.e.m.c.i.embedder.EclipseLogger - Copying 1 resource
2019-10-14 10:59:32,990 [Worker-62] INFO  o.e.m.c.i.embedder.EclipseLogger - Using 'UTF-8' encoding to copy filtered resources.
2019-10-14 10:59:32,990 [Worker-62] INFO  o.e.m.c.i.embedder.EclipseLogger - skip non existing resourceDirectory D:\Projects\submissions\truyum-v2\monolithic-services\truyum\src\test\resources
2019-10-14 10:59:56,711 [Worker-55] INFO  o.e.m.c.i.embedder.EclipseLogger - Using 'UTF-8' encoding to copy filtered resources.
2019-10-14 10:59:56,712 [Worker-55] INFO  o.e.m.c.i.embedder.EclipseLogger - Copying 1 resource
2019-10-14 10:59:56,714 [Worker-55] INFO  o.e.m.c.i.embedder.EclipseLogger - Copying 1 resource
2019-10-14 10:59:56,716 [Worker-55] INFO  o.e.m.c.i.embedder.EclipseLogger - Using 'UTF-8' encoding to copy filtered resources.
2019-10-14 10:59:56,716 [Worker-55] INFO  o.e.m.c.i.embedder.EclipseLogger - skip non existing resourceDirectory D:\Projects\submissions\truyum-v2\monolithic-services\truyum\src\test\resources
2019-10-14 11:00:19,373 [Worker-67] INFO  o.e.m.c.i.embedder.EclipseLogger - Using 'UTF-8' encoding to copy filtered resources.
2019-10-14 11:00:19,374 [Worker-67] INFO  o.e.m.c.i.embedder.EclipseLogger - Copying 1 resource
2019-10-14 11:00:19,377 [Worker-67] INFO  o.e.m.c.i.embedder.EclipseLogger - Copying 1 resource
2019-10-14 11:00:19,380 [Worker-67] INFO  o.e.m.c.i.embedder.EclipseLogger - Using 'UTF-8' encoding to copy filtered resources.
2019-10-14 11:00:19,380 [Worker-67] INFO  o.e.m.c.i.embedder.EclipseLogger - skip non existing resourceDirectory D:\Projects\submissions\truyum-v2\monolithic-services\truyum\src\test\resources
2019-10-14 11:02:07,647 [Worker-54] INFO  o.e.m.c.i.embedder.EclipseLogger - Using 'UTF-8' encoding to copy filtered resources.
2019-10-14 11:02:07,648 [Worker-54] INFO  o.e.m.c.i.embedder.EclipseLogger - Copying 1 resource
2019-10-14 11:02:07,652 [Worker-54] INFO  o.e.m.c.i.embedder.EclipseLogger - Copying 1 resource
2019-10-14 11:02:07,654 [Worker-54] INFO  o.e.m.c.i.embedder.EclipseLogger - Using 'UTF-8' encoding to copy filtered resources.
2019-10-14 11:02:07,654 [Worker-54] INFO  o.e.m.c.i.embedder.EclipseLogger - skip non existing resourceDirectory D:\Projects\submissions\truyum-v2\monolithic-services\truyum\src\test\resources
2019-10-14 11:07:49,721 [Worker-69] INFO  o.e.m.c.i.embedder.EclipseLogger - Using 'UTF-8' encoding to copy filtered resources.
2019-10-14 11:07:49,722 [Worker-69] INFO  o.e.m.c.i.embedder.EclipseLogger - Copying 1 resource
2019-10-14 11:07:49,725 [Worker-69] INFO  o.e.m.c.i.embedder.EclipseLogger - Copying 1 resource
2019-10-14 11:07:49,726 [Worker-69] INFO  o.e.m.c.i.embedder.EclipseLogger - Using 'UTF-8' encoding to copy filtered resources.
2019-10-14 11:07:49,727 [Worker-69] INFO  o.e.m.c.i.embedder.EclipseLogger - skip non existing resourceDirectory D:\Projects\submissions\truyum-v2\monolithic-services\truyum\src\test\resources
2019-10-14 11:18:51,786 [Worker-75] ERROR o.e.m.c.i.p.r.ProjectRegistryManager - Could not read pom.xml
org.eclipse.core.runtime.CoreException: Could not read pom.xml
	at org.eclipse.m2e.core.internal.embedder.MavenImpl.readModel(MavenImpl.java:565) ~[org.eclipse.m2e.core_1.7.0.20160603-1933.jar:na]
	at org.eclipse.m2e.core.internal.embedder.MavenImpl.readModel(MavenImpl.java:574) ~[org.eclipse.m2e.core_1.7.0.20160603-1933.jar:na]
	at org.eclipse.m2e.core.internal.project.registry.ProjectRegistryManager.refreshPhase2(ProjectRegistryManager.java:542) [org.eclipse.m2e.core_1.7.0.20160603-1933.jar:na]
	at org.eclipse.m2e.core.internal.project.registry.ProjectRegistryManager.refresh(ProjectRegistryManager.java:498) [org.eclipse.m2e.core_1.7.0.20160603-1933.jar:na]
	at org.eclipse.m2e.core.internal.project.registry.ProjectRegistryManager.refresh(ProjectRegistryManager.java:351) [org.eclipse.m2e.core_1.7.0.20160603-1933.jar:na]
	at org.eclipse.m2e.core.internal.project.registry.ProjectRegistryManager.refresh(ProjectRegistryManager.java:298) [org.eclipse.m2e.core_1.7.0.20160603-1933.jar:na]
	at org.eclipse.m2e.core.internal.builder.MavenBuilder$BuildMethod.getProjectFacade(MavenBuilder.java:154) [org.eclipse.m2e.core_1.7.0.20160603-1933.jar:na]
	at org.eclipse.m2e.core.internal.builder.MavenBuilder$BuildMethod$1.call(MavenBuilder.java:89) [org.eclipse.m2e.core_1.7.0.20160603-1933.jar:na]
	at org.eclipse.m2e.core.internal.embedder.MavenExecutionContext.executeBare(MavenExecutionContext.java:176) [org.eclipse.m2e.core_1.7.0.20160603-1933.jar:na]
	at org.eclipse.m2e.core.internal.embedder.MavenExecutionContext.execute(MavenExecutionContext.java:151) [org.eclipse.m2e.core_1.7.0.20160603-1933.jar:na]
	at org.eclipse.m2e.core.internal.embedder.MavenExecutionContext.execute(MavenExecutionContext.java:99) [org.eclipse.m2e.core_1.7.0.20160603-1933.jar:na]
	at org.eclipse.m2e.core.internal.builder.MavenBuilder$BuildMethod.execute(MavenBuilder.java:86) [org.eclipse.m2e.core_1.7.0.20160603-1933.jar:na]
	at org.eclipse.m2e.core.internal.builder.MavenBuilder.build(MavenBuilder.java:200) [org.eclipse.m2e.core_1.7.0.20160603-1933.jar:na]
	at org.eclipse.core.internal.events.BuildManager$2.run(BuildManager.java:735) [org.eclipse.core.resources_3.11.0.v20160503-1608.jar:na]
	at org.eclipse.core.runtime.SafeRunner.run(SafeRunner.java:42) [org.eclipse.equinox.common_3.8.0.v20160509-1230.jar:na]
	at org.eclipse.core.internal.events.BuildManager.basicBuild(BuildManager.java:206) [org.eclipse.core.resources_3.11.0.v20160503-1608.jar:na]
	at org.eclipse.core.internal.events.BuildManager.basicBuild(BuildManager.java:246) [org.eclipse.core.resources_3.11.0.v20160503-1608.jar:na]
	at org.eclipse.core.internal.events.BuildManager$1.run(BuildManager.java:301) [org.eclipse.core.resources_3.11.0.v20160503-1608.jar:na]
	at org.eclipse.core.runtime.SafeRunner.run(SafeRunner.java:42) [org.eclipse.equinox.common_3.8.0.v20160509-1230.jar:na]
	at org.eclipse.core.internal.events.BuildManager.basicBuild(BuildManager.java:304) [org.eclipse.core.resources_3.11.0.v20160503-1608.jar:na]
	at org.eclipse.core.internal.events.BuildManager.basicBuildLoop(BuildManager.java:360) [org.eclipse.core.resources_3.11.0.v20160503-1608.jar:na]
	at org.eclipse.core.internal.events.BuildManager.build(BuildManager.java:383) [org.eclipse.core.resources_3.11.0.v20160503-1608.jar:na]
	at org.eclipse.core.internal.events.AutoBuildJob.doBuild(AutoBuildJob.java:144) [org.eclipse.core.resources_3.11.0.v20160503-1608.jar:na]
	at org.eclipse.core.internal.events.AutoBuildJob.run(AutoBuildJob.java:235) [org.eclipse.core.resources_3.11.0.v20160503-1608.jar:na]
	at org.eclipse.core.internal.jobs.Worker.run(Worker.java:55) [org.eclipse.core.jobs_3.8.0.v20160509-0411.jar:na]
Caused by: org.apache.maven.model.io.ModelParseException: end tag name </dependency> must match start tag name <dependencies> from line 21 (position: TEXT seen ...</dependency>\r\n\t\t\r\n\t\t\t\t</dependency>... @39:18) 
	at org.apache.maven.model.io.DefaultModelReader.read(DefaultModelReader.java:122) ~[maven-model-builder-3.3.9.jar:3.3.9]
	at org.apache.maven.model.io.DefaultModelReader.read(DefaultModelReader.java:86) ~[maven-model-builder-3.3.9.jar:3.3.9]
	at org.eclipse.m2e.core.internal.embedder.MavenImpl.readModel(MavenImpl.java:563) ~[org.eclipse.m2e.core_1.7.0.20160603-1933.jar:na]
	... 24 common frames omitted
Caused by: org.codehaus.plexus.util.xml.pull.XmlPullParserException: end tag name </dependency> must match start tag name <dependencies> from line 21 (position: TEXT seen ...</dependency>\r\n\t\t\r\n\t\t\t\t</dependency>... @39:18) 
	at org.codehaus.plexus.util.xml.pull.MXParser.parseEndTag(MXParser.java:1727) ~[plexus-utils-3.0.22.jar:na]
	at org.codehaus.plexus.util.xml.pull.MXParser.nextImpl(MXParser.java:1169) ~[plexus-utils-3.0.22.jar:na]
	at org.codehaus.plexus.util.xml.pull.MXParser.next(MXParser.java:1131) ~[plexus-utils-3.0.22.jar:na]
	at org.codehaus.plexus.util.xml.pull.MXParser.nextTag(MXParser.java:1118) ~[plexus-utils-3.0.22.jar:na]
	at org.apache.maven.model.io.xpp3.MavenXpp3Reader.parseModel(MavenXpp3Reader.java:2231) ~[maven-model-3.3.9.jar:3.3.9]
	at org.apache.maven.model.io.xpp3.MavenXpp3Reader.read(MavenXpp3Reader.java:3845) ~[maven-model-3.3.9.jar:3.3.9]
	at org.apache.maven.model.io.xpp3.MavenXpp3Reader.read(MavenXpp3Reader.java:595) ~[maven-model-3.3.9.jar:3.3.9]
	at org.apache.maven.model.io.DefaultModelReader.read(DefaultModelReader.java:117) ~[maven-model-builder-3.3.9.jar:3.3.9]
	... 26 common frames omitted
2019-10-14 11:18:53,511 [Worker-74] ERROR o.e.m.c.i.p.r.ProjectRegistryManager - Could not read pom.xml
org.eclipse.core.runtime.CoreException: Could not read pom.xml
	at org.eclipse.m2e.core.internal.embedder.MavenImpl.readModel(MavenImpl.java:565) ~[org.eclipse.m2e.core_1.7.0.20160603-1933.jar:na]
	at org.eclipse.m2e.core.internal.embedder.MavenImpl.readModel(MavenImpl.java:574) ~[org.eclipse.m2e.core_1.7.0.20160603-1933.jar:na]
	at org.eclipse.m2e.core.internal.project.registry.ProjectRegistryManager.refreshPhase2(ProjectRegistryManager.java:542) [org.eclipse.m2e.core_1.7.0.20160603-1933.jar:na]
	at org.eclipse.m2e.core.internal.project.registry.ProjectRegistryManager.refresh(ProjectRegistryManager.java:498) [org.eclipse.m2e.core_1.7.0.20160603-1933.jar:na]
	at org.eclipse.m2e.core.internal.project.registry.ProjectRegistryManager.refresh(ProjectRegistryManager.java:351) [org.eclipse.m2e.core_1.7.0.20160603-1933.jar:na]
	at org.eclipse.m2e.core.internal.project.registry.ProjectRegistryManager.refresh(ProjectRegistryManager.java:298) [org.eclipse.m2e.core_1.7.0.20160603-1933.jar:na]
	at org.eclipse.m2e.core.internal.builder.MavenBuilder$BuildMethod.getProjectFacade(MavenBuilder.java:154) [org.eclipse.m2e.core_1.7.0.20160603-1933.jar:na]
	at org.eclipse.m2e.core.internal.builder.MavenBuilder$BuildMethod$1.call(MavenBuilder.java:89) [org.eclipse.m2e.core_1.7.0.20160603-1933.jar:na]
	at org.eclipse.m2e.core.internal.embedder.MavenExecutionContext.executeBare(MavenExecutionContext.java:176) [org.eclipse.m2e.core_1.7.0.20160603-1933.jar:na]
	at org.eclipse.m2e.core.internal.embedder.MavenExecutionContext.execute(MavenExecutionContext.java:151) [org.eclipse.m2e.core_1.7.0.20160603-1933.jar:na]
	at org.eclipse.m2e.core.internal.embedder.MavenExecutionContext.execute(MavenExecutionContext.java:99) [org.eclipse.m2e.core_1.7.0.20160603-1933.jar:na]
	at org.eclipse.m2e.core.internal.builder.MavenBuilder$BuildMethod.execute(MavenBuilder.java:86) [org.eclipse.m2e.core_1.7.0.20160603-1933.jar:na]
	at org.eclipse.m2e.core.internal.builder.MavenBuilder.build(MavenBuilder.java:200) [org.eclipse.m2e.core_1.7.0.20160603-1933.jar:na]
	at org.eclipse.core.internal.events.BuildManager$2.run(BuildManager.java:735) [org.eclipse.core.resources_3.11.0.v20160503-1608.jar:na]
	at org.eclipse.core.runtime.SafeRunner.run(SafeRunner.java:42) [org.eclipse.equinox.common_3.8.0.v20160509-1230.jar:na]
	at org.eclipse.core.internal.events.BuildManager.basicBuild(BuildManager.java:206) [org.eclipse.core.resources_3.11.0.v20160503-1608.jar:na]
	at org.eclipse.core.internal.events.BuildManager.basicBuild(BuildManager.java:246) [org.eclipse.core.resources_3.11.0.v20160503-1608.jar:na]
	at org.eclipse.core.internal.events.BuildManager$1.run(BuildManager.java:301) [org.eclipse.core.resources_3.11.0.v20160503-1608.jar:na]
	at org.eclipse.core.runtime.SafeRunner.run(SafeRunner.java:42) [org.eclipse.equinox.common_3.8.0.v20160509-1230.jar:na]
	at org.eclipse.core.internal.events.BuildManager.basicBuild(BuildManager.java:304) [org.eclipse.core.resources_3.11.0.v20160503-1608.jar:na]
	at org.eclipse.core.internal.events.BuildManager.basicBuildLoop(BuildManager.java:360) [org.eclipse.core.resources_3.11.0.v20160503-1608.jar:na]
	at org.eclipse.core.internal.events.BuildManager.build(BuildManager.java:383) [org.eclipse.core.resources_3.11.0.v20160503-1608.jar:na]
	at org.eclipse.core.internal.events.AutoBuildJob.doBuild(AutoBuildJob.java:144) [org.eclipse.core.resources_3.11.0.v20160503-1608.jar:na]
	at org.eclipse.core.internal.events.AutoBuildJob.run(AutoBuildJob.java:235) [org.eclipse.core.resources_3.11.0.v20160503-1608.jar:na]
	at org.eclipse.core.internal.jobs.Worker.run(Worker.java:55) [org.eclipse.core.jobs_3.8.0.v20160509-0411.jar:na]
Caused by: org.apache.maven.model.io.ModelParseException: end tag name </dependency> must match start tag name <dependencies> from line 21 (position: TEXT seen ...</dependency>\r\n\t\t\r\n\t\t\t\t</dependency>... @39:18) 
	at org.apache.maven.model.io.DefaultModelReader.read(DefaultModelReader.java:122) ~[maven-model-builder-3.3.9.jar:3.3.9]
	at org.apache.maven.model.io.DefaultModelReader.read(DefaultModelReader.java:86) ~[maven-model-builder-3.3.9.jar:3.3.9]
	at org.eclipse.m2e.core.internal.embedder.MavenImpl.readModel(MavenImpl.java:563) ~[org.eclipse.m2e.core_1.7.0.20160603-1933.jar:na]
	... 24 common frames omitted
Caused by: org.codehaus.plexus.util.xml.pull.XmlPullParserException: end tag name </dependency> must match start tag name <dependencies> from line 21 (position: TEXT seen ...</dependency>\r\n\t\t\r\n\t\t\t\t</dependency>... @39:18) 
	at org.codehaus.plexus.util.xml.pull.MXParser.parseEndTag(MXParser.java:1727) ~[plexus-utils-3.0.22.jar:na]
	at org.codehaus.plexus.util.xml.pull.MXParser.nextImpl(MXParser.java:1169) ~[plexus-utils-3.0.22.jar:na]
	at org.codehaus.plexus.util.xml.pull.MXParser.next(MXParser.java:1131) ~[plexus-utils-3.0.22.jar:na]
	at org.codehaus.plexus.util.xml.pull.MXParser.nextTag(MXParser.java:1118) ~[plexus-utils-3.0.22.jar:na]
	at org.apache.maven.model.io.xpp3.MavenXpp3Reader.parseModel(MavenXpp3Reader.java:2231) ~[maven-model-3.3.9.jar:3.3.9]
	at org.apache.maven.model.io.xpp3.MavenXpp3Reader.read(MavenXpp3Reader.java:3845) ~[maven-model-3.3.9.jar:3.3.9]
	at org.apache.maven.model.io.xpp3.MavenXpp3Reader.read(MavenXpp3Reader.java:595) ~[maven-model-3.3.9.jar:3.3.9]
	at org.apache.maven.model.io.DefaultModelReader.read(DefaultModelReader.java:117) ~[maven-model-builder-3.3.9.jar:3.3.9]
	... 26 common frames omitted
2019-10-14 11:18:58,032 [Worker-74] ERROR o.e.m.c.i.p.r.ProjectRegistryManager - Failed to read Maven project: 1 problem was encountered while building the effective model
[FATAL] Non-parseable POM D:\Projects\submissions\truyum-v2\monolithic-services\truyum\pom.xml: end tag name </dependency> must match start tag name <dependencies> from line 21 (position: TEXT seen ...</dependency>\r\n\t\t</dependency>... @38:16)  @ line 38, column 16
 for project  at D:\Projects\submissions\truyum-v2\monolithic-services\truyum\pom.xml
org.apache.maven.project.ProjectBuildingException: 1 problem was encountered while building the effective model
[FATAL] Non-parseable POM D:\Projects\submissions\truyum-v2\monolithic-services\truyum\pom.xml: end tag name </dependency> must match start tag name <dependencies> from line 21 (position: TEXT seen ...</dependency>\r\n\t\t</dependency>... @38:16)  @ line 38, column 16
 for project  at D:\Projects\submissions\truyum-v2\monolithic-services\truyum\pom.xml
	at org.apache.maven.project.DefaultProjectBuilder.build(DefaultProjectBuilder.java:168) ~[maven-core-3.3.9.jar:3.3.9]
	at org.apache.maven.project.DefaultProjectBuilder.build(DefaultProjectBuilder.java:119) ~[maven-core-3.3.9.jar:3.3.9]
	at org.eclipse.m2e.core.internal.embedder.MavenImpl.readMavenProject(MavenImpl.java:636) ~[org.eclipse.m2e.core_1.7.0.20160603-1933.jar:na]
	at org.eclipse.m2e.core.internal.project.registry.ProjectRegistryManager$5.call(ProjectRegistryManager.java:816) ~[org.eclipse.m2e.core_1.7.0.20160603-1933.jar:na]
	at org.eclipse.m2e.core.internal.project.registry.ProjectRegistryManager$5.call(ProjectRegistryManager.java:1) ~[org.eclipse.m2e.core_1.7.0.20160603-1933.jar:na]
	at org.eclipse.m2e.core.internal.embedder.MavenExecutionContext.executeBare(MavenExecutionContext.java:176) ~[org.eclipse.m2e.core_1.7.0.20160603-1933.jar:na]
	at org.eclipse.m2e.core.internal.embedder.MavenExecutionContext.execute(MavenExecutionContext.java:151) ~[org.eclipse.m2e.core_1.7.0.20160603-1933.jar:na]
	at org.eclipse.m2e.core.internal.embedder.MavenExecutionContext.execute(MavenExecutionContext.java:99) ~[org.eclipse.m2e.core_1.7.0.20160603-1933.jar:na]
	at org.eclipse.m2e.core.internal.project.registry.ProjectRegistryManager.execute(ProjectRegistryManager.java:967) ~[org.eclipse.m2e.core_1.7.0.20160603-1933.jar:na]
	at org.eclipse.m2e.core.internal.project.registry.ProjectRegistryManager.readProjectWithDependencies(ProjectRegistryManager.java:811) ~[org.eclipse.m2e.core_1.7.0.20160603-1933.jar:na]
	at org.eclipse.m2e.core.internal.project.registry.ProjectRegistryManager.create(ProjectRegistryManager.java:192) ~[org.eclipse.m2e.core_1.7.0.20160603-1933.jar:na]
	at org.eclipse.m2e.core.internal.project.registry.MavenProjectManager.create(MavenProjectManager.java:80) [org.eclipse.m2e.core_1.7.0.20160603-1933.jar:na]
	at org.eclipse.m2e.core.ui.internal.actions.SelectionUtil.getMavenProject(SelectionUtil.java:259) [org.eclipse.m2e.core.ui_1.7.0.20160603-1933.jar:na]
	at org.eclipse.m2e.editor.pom.MavenPomEditor.readMavenProject(MavenPomEditor.java:732) [org.eclipse.m2e.editor_1.7.0.20160603-1933.jar:na]
	at org.eclipse.m2e.editor.pom.MavenPomEditor$5.run(MavenPomEditor.java:1053) [org.eclipse.m2e.editor_1.7.0.20160603-1933.jar:na]
	at org.eclipse.core.internal.jobs.Worker.run(Worker.java:55) [org.eclipse.core.jobs_3.8.0.v20160509-0411.jar:na]
Caused by: org.apache.maven.model.building.ModelBuildingException: 1 problem was encountered while building the effective model
[FATAL] Non-parseable POM D:\Projects\submissions\truyum-v2\monolithic-services\truyum\pom.xml: end tag name </dependency> must match start tag name <dependencies> from line 21 (position: TEXT seen ...</dependency>\r\n\t\t</dependency>... @38:16)  @ line 38, column 16

	at org.apache.maven.model.building.DefaultModelProblemCollector.newModelBuildingException(DefaultModelProblemCollector.java:197) ~[maven-model-builder-3.3.9.jar:3.3.9]
	at org.apache.maven.model.building.DefaultModelBuilder.readModel(DefaultModelBuilder.java:579) ~[maven-model-builder-3.3.9.jar:3.3.9]
	at org.apache.maven.model.building.DefaultModelBuilder.build(DefaultModelBuilder.java:273) ~[maven-model-builder-3.3.9.jar:3.3.9]
	at org.apache.maven.project.DefaultProjectBuilder.build(DefaultProjectBuilder.java:161) ~[maven-core-3.3.9.jar:3.3.9]
	... 15 common frames omitted
2019-10-14 11:18:58,197 [Worker-75] ERROR o.e.m.c.i.p.r.ProjectRegistryManager - Could not read pom.xml
org.eclipse.core.runtime.CoreException: Could not read pom.xml
	at org.eclipse.m2e.core.internal.embedder.MavenImpl.readModel(MavenImpl.java:565) ~[org.eclipse.m2e.core_1.7.0.20160603-1933.jar:na]
	at org.eclipse.m2e.core.internal.embedder.MavenImpl.readModel(MavenImpl.java:574) ~[org.eclipse.m2e.core_1.7.0.20160603-1933.jar:na]
	at org.eclipse.m2e.core.internal.project.registry.ProjectRegistryManager.refreshPhase2(ProjectRegistryManager.java:542) [org.eclipse.m2e.core_1.7.0.20160603-1933.jar:na]
	at org.eclipse.m2e.core.internal.project.registry.ProjectRegistryManager.refresh(ProjectRegistryManager.java:498) [org.eclipse.m2e.core_1.7.0.20160603-1933.jar:na]
	at org.eclipse.m2e.core.internal.project.registry.ProjectRegistryManager.refresh(ProjectRegistryManager.java:351) [org.eclipse.m2e.core_1.7.0.20160603-1933.jar:na]
	at org.eclipse.m2e.core.internal.project.registry.ProjectRegistryManager.refresh(ProjectRegistryManager.java:298) [org.eclipse.m2e.core_1.7.0.20160603-1933.jar:na]
	at org.eclipse.m2e.core.internal.builder.MavenBuilder$BuildMethod.getProjectFacade(MavenBuilder.java:154) [org.eclipse.m2e.core_1.7.0.20160603-1933.jar:na]
	at org.eclipse.m2e.core.internal.builder.MavenBuilder$BuildMethod$1.call(MavenBuilder.java:89) [org.eclipse.m2e.core_1.7.0.20160603-1933.jar:na]
	at org.eclipse.m2e.core.internal.embedder.MavenExecutionContext.executeBare(MavenExecutionContext.java:176) [org.eclipse.m2e.core_1.7.0.20160603-1933.jar:na]
	at org.eclipse.m2e.core.internal.embedder.MavenExecutionContext.execute(MavenExecutionContext.java:151) [org.eclipse.m2e.core_1.7.0.20160603-1933.jar:na]
	at org.eclipse.m2e.core.internal.embedder.MavenExecutionContext.execute(MavenExecutionContext.java:99) [org.eclipse.m2e.core_1.7.0.20160603-1933.jar:na]
	at org.eclipse.m2e.core.internal.builder.MavenBuilder$BuildMethod.execute(MavenBuilder.java:86) [org.eclipse.m2e.core_1.7.0.20160603-1933.jar:na]
	at org.eclipse.m2e.core.internal.builder.MavenBuilder.build(MavenBuilder.java:200) [org.eclipse.m2e.core_1.7.0.20160603-1933.jar:na]
	at org.eclipse.core.internal.events.BuildManager$2.run(BuildManager.java:735) [org.eclipse.core.resources_3.11.0.v20160503-1608.jar:na]
	at org.eclipse.core.runtime.SafeRunner.run(SafeRunner.java:42) [org.eclipse.equinox.common_3.8.0.v20160509-1230.jar:na]
	at org.eclipse.core.internal.events.BuildManager.basicBuild(BuildManager.java:206) [org.eclipse.core.resources_3.11.0.v20160503-1608.jar:na]
	at org.eclipse.core.internal.events.BuildManager.basicBuild(BuildManager.java:246) [org.eclipse.core.resources_3.11.0.v20160503-1608.jar:na]
	at org.eclipse.core.internal.events.BuildManager$1.run(BuildManager.java:301) [org.eclipse.core.resources_3.11.0.v20160503-1608.jar:na]
	at org.eclipse.core.runtime.SafeRunner.run(SafeRunner.java:42) [org.eclipse.equinox.common_3.8.0.v20160509-1230.jar:na]
	at org.eclipse.core.internal.events.BuildManager.basicBuild(BuildManager.java:304) [org.eclipse.core.resources_3.11.0.v20160503-1608.jar:na]
	at org.eclipse.core.internal.events.BuildManager.basicBuildLoop(BuildManager.java:360) [org.eclipse.core.resources_3.11.0.v20160503-1608.jar:na]
	at org.eclipse.core.internal.events.BuildManager.build(BuildManager.java:383) [org.eclipse.core.resources_3.11.0.v20160503-1608.jar:na]
	at org.eclipse.core.internal.events.AutoBuildJob.doBuild(AutoBuildJob.java:144) [org.eclipse.core.resources_3.11.0.v20160503-1608.jar:na]
	at org.eclipse.core.internal.events.AutoBuildJob.run(AutoBuildJob.java:235) [org.eclipse.core.resources_3.11.0.v20160503-1608.jar:na]
	at org.eclipse.core.internal.jobs.Worker.run(Worker.java:55) [org.eclipse.core.jobs_3.8.0.v20160509-0411.jar:na]
Caused by: org.apache.maven.model.io.ModelParseException: end tag name </dependency> must match start tag name <dependencies> from line 21 (position: TEXT seen ...</dependency>\r\n\t\t</dependency>... @38:16) 
	at org.apache.maven.model.io.DefaultModelReader.read(DefaultModelReader.java:122) ~[maven-model-builder-3.3.9.jar:3.3.9]
	at org.apache.maven.model.io.DefaultModelReader.read(DefaultModelReader.java:86) ~[maven-model-builder-3.3.9.jar:3.3.9]
	at org.eclipse.m2e.core.internal.embedder.MavenImpl.readModel(MavenImpl.java:563) ~[org.eclipse.m2e.core_1.7.0.20160603-1933.jar:na]
	... 24 common frames omitted
Caused by: org.codehaus.plexus.util.xml.pull.XmlPullParserException: end tag name </dependency> must match start tag name <dependencies> from line 21 (position: TEXT seen ...</dependency>\r\n\t\t</dependency>... @38:16) 
	at org.codehaus.plexus.util.xml.pull.MXParser.parseEndTag(MXParser.java:1727) ~[plexus-utils-3.0.22.jar:na]
	at org.codehaus.plexus.util.xml.pull.MXParser.nextImpl(MXParser.java:1169) ~[plexus-utils-3.0.22.jar:na]
	at org.codehaus.plexus.util.xml.pull.MXParser.next(MXParser.java:1131) ~[plexus-utils-3.0.22.jar:na]
	at org.codehaus.plexus.util.xml.pull.MXParser.nextTag(MXParser.java:1118) ~[plexus-utils-3.0.22.jar:na]
	at org.apache.maven.model.io.xpp3.MavenXpp3Reader.parseModel(MavenXpp3Reader.java:2231) ~[maven-model-3.3.9.jar:3.3.9]
	at org.apache.maven.model.io.xpp3.MavenXpp3Reader.read(MavenXpp3Reader.java:3845) ~[maven-model-3.3.9.jar:3.3.9]
	at org.apache.maven.model.io.xpp3.MavenXpp3Reader.read(MavenXpp3Reader.java:595) ~[maven-model-3.3.9.jar:3.3.9]
	at org.apache.maven.model.io.DefaultModelReader.read(DefaultModelReader.java:117) ~[maven-model-builder-3.3.9.jar:3.3.9]
	... 26 common frames omitted
2019-10-14 11:19:03,685 [Worker-75] INFO  o.e.m.c.i.l.LifecycleMappingFactory - Using org.eclipse.m2e.jdt.JarLifecycleMapping lifecycle mapping for MavenProject: com.cognizant:truyum:0.0.1-SNAPSHOT @ D:\Projects\submissions\truyum-v2\monolithic-services\truyum\pom.xml.
2019-10-14 11:19:05,813 [Worker-75] INFO  o.e.m.c.i.embedder.EclipseLogger - Using 'UTF-8' encoding to copy filtered resources.
2019-10-14 11:19:05,816 [Worker-75] INFO  o.e.m.c.i.embedder.EclipseLogger - Copying 0 resource
2019-10-14 11:19:05,816 [Worker-75] INFO  o.e.m.c.i.embedder.EclipseLogger - Copying 0 resource
2019-10-14 11:19:05,818 [Worker-75] INFO  o.e.m.c.i.embedder.EclipseLogger - Using 'UTF-8' encoding to copy filtered resources.
2019-10-14 11:19:05,818 [Worker-75] INFO  o.e.m.c.i.embedder.EclipseLogger - skip non existing resourceDirectory D:\Projects\submissions\truyum-v2\monolithic-services\truyum\src\test\resources
2019-10-14 11:19:07,917 [Worker-74] INFO  o.e.m.c.i.embedder.EclipseLogger - Using 'UTF-8' encoding to copy filtered resources.
2019-10-14 11:19:07,918 [Worker-74] INFO  o.e.m.c.i.embedder.EclipseLogger - Copying 1 resource
2019-10-14 11:19:07,996 [Worker-74] INFO  o.e.m.c.i.embedder.EclipseLogger - Copying 1 resource
2019-10-14 11:19:08,005 [Worker-74] INFO  o.e.m.c.i.embedder.EclipseLogger - Using 'UTF-8' encoding to copy filtered resources.
2019-10-14 11:19:08,005 [Worker-74] INFO  o.e.m.c.i.embedder.EclipseLogger - skip non existing resourceDirectory D:\Projects\submissions\truyum-v2\monolithic-services\truyum\src\test\resources
2019-10-14 11:19:14,249 [Worker-77] INFO  o.e.m.c.i.e.AbstractTransferListenerAdapter - Downloaded https://repo.maven.apache.org/maven2/org/apache/maven/plugins/maven-war-plugin/3.2.3/maven-war-plugin-3.2.3.jar
2019-10-14 11:19:14,626 [Worker-77] INFO  o.e.m.c.i.l.LifecycleMappingFactory - Using org.maven.ide.eclipse.wtp.WarLifecycleMapping lifecycle mapping for MavenProject: com.cognizant:truyum:0.0.1-SNAPSHOT @ D:\Projects\submissions\truyum-v2\monolithic-services\truyum\pom.xml.
2019-10-14 11:19:16,617 [Worker-77] INFO  o.e.m.c.i.e.AbstractTransferListenerAdapter - Downloaded https://repo.maven.apache.org/maven2/org/apache/maven/plugins/maven-war-plugin/3.2.3/maven-war-plugin-3.2.3.pom
2019-10-14 11:28:56,327 [Worker-84] INFO  o.e.m.c.i.l.LifecycleMappingFactory - Using org.eclipse.m2e.jdt.JarLifecycleMapping lifecycle mapping for MavenProject: com.cognizant:truyum:0.0.1-SNAPSHOT @ D:\Projects\submissions\truyum-v2\monolithic-services\truyum\pom.xml.
2019-10-14 11:28:57,243 [Worker-84] INFO  o.e.m.c.i.embedder.EclipseLogger - Using 'UTF-8' encoding to copy filtered resources.
2019-10-14 11:28:57,246 [Worker-84] INFO  o.e.m.c.i.embedder.EclipseLogger - Copying 0 resource
2019-10-14 11:28:57,246 [Worker-84] INFO  o.e.m.c.i.embedder.EclipseLogger - Copying 0 resource
2019-10-14 11:28:57,248 [Worker-84] INFO  o.e.m.c.i.embedder.EclipseLogger - Using 'UTF-8' encoding to copy filtered resources.
2019-10-14 11:28:57,248 [Worker-84] INFO  o.e.m.c.i.embedder.EclipseLogger - skip non existing resourceDirectory D:\Projects\submissions\truyum-v2\monolithic-services\truyum\src\test\resources
2019-10-14 11:29:41,211 [Worker-86] INFO  o.e.m.c.i.embedder.EclipseLogger - Using 'UTF-8' encoding to copy filtered resources.
2019-10-14 11:29:41,211 [Worker-86] INFO  o.e.m.c.i.embedder.EclipseLogger - Copying 1 resource
2019-10-14 11:29:41,230 [Worker-86] INFO  o.e.m.c.i.embedder.EclipseLogger - Copying 1 resource
2019-10-14 11:29:41,232 [Worker-86] INFO  o.e.m.c.i.embedder.EclipseLogger - Using 'UTF-8' encoding to copy filtered resources.
2019-10-14 11:29:41,232 [Worker-86] INFO  o.e.m.c.i.embedder.EclipseLogger - skip non existing resourceDirectory D:\Projects\submissions\truyum-v2\monolithic-services\truyum\src\test\resources
2019-10-14 11:29:44,356 [Worker-75] INFO  o.e.m.c.i.embedder.EclipseLogger - Using 'UTF-8' encoding to copy filtered resources.
2019-10-14 11:29:44,357 [Worker-75] INFO  o.e.m.c.i.embedder.EclipseLogger - Copying 1 resource
2019-10-14 11:29:44,365 [Worker-75] INFO  o.e.m.c.i.embedder.EclipseLogger - Copying 1 resource
2019-10-14 11:29:44,367 [Worker-75] INFO  o.e.m.c.i.embedder.EclipseLogger - Using 'UTF-8' encoding to copy filtered resources.
2019-10-14 11:29:44,367 [Worker-75] INFO  o.e.m.c.i.embedder.EclipseLogger - skip non existing resourceDirectory D:\Projects\submissions\truyum-v2\monolithic-services\truyum\src\test\resources
2019-10-14 11:32:28,052 [Worker-75] INFO  o.e.m.c.i.embedder.EclipseLogger - Using 'UTF-8' encoding to copy filtered resources.
2019-10-14 11:32:28,052 [Worker-75] INFO  o.e.m.c.i.embedder.EclipseLogger - Copying 1 resource
2019-10-14 11:32:28,057 [Worker-75] INFO  o.e.m.c.i.embedder.EclipseLogger - Copying 1 resource
2019-10-14 11:32:28,059 [Worker-75] INFO  o.e.m.c.i.embedder.EclipseLogger - Using 'UTF-8' encoding to copy filtered resources.
2019-10-14 11:32:28,060 [Worker-75] INFO  o.e.m.c.i.embedder.EclipseLogger - skip non existing resourceDirectory D:\Projects\submissions\truyum-v2\monolithic-services\truyum\src\test\resources
2019-10-14 11:32:33,527 [Worker-75] INFO  o.e.m.c.i.embedder.EclipseLogger - Using 'UTF-8' encoding to copy filtered resources.
2019-10-14 11:32:33,527 [Worker-75] INFO  o.e.m.c.i.embedder.EclipseLogger - Copying 1 resource
2019-10-14 11:32:33,530 [Worker-75] INFO  o.e.m.c.i.embedder.EclipseLogger - Copying 1 resource
2019-10-14 11:32:33,532 [Worker-75] INFO  o.e.m.c.i.embedder.EclipseLogger - Using 'UTF-8' encoding to copy filtered resources.
2019-10-14 11:32:33,532 [Worker-75] INFO  o.e.m.c.i.embedder.EclipseLogger - skip non existing resourceDirectory D:\Projects\submissions\truyum-v2\monolithic-services\truyum\src\test\resources
2019-10-14 11:32:55,403 [Worker-82] INFO  o.e.m.c.i.embedder.EclipseLogger - Using 'UTF-8' encoding to copy filtered resources.
2019-10-14 11:32:55,406 [Worker-82] INFO  o.e.m.c.i.embedder.EclipseLogger - Copying 1 resource
2019-10-14 11:32:55,412 [Worker-82] INFO  o.e.m.c.i.embedder.EclipseLogger - Copying 1 resource
2019-10-14 11:32:55,415 [Worker-82] INFO  o.e.m.c.i.embedder.EclipseLogger - Using 'UTF-8' encoding to copy filtered resources.
2019-10-14 11:32:55,415 [Worker-82] INFO  o.e.m.c.i.embedder.EclipseLogger - skip non existing resourceDirectory D:\Projects\submissions\truyum-v2\monolithic-services\truyum\src\test\resources
2019-10-14 11:33:24,504 [Worker-85] INFO  o.e.m.c.i.embedder.EclipseLogger - Using 'UTF-8' encoding to copy filtered resources.
2019-10-14 11:33:24,504 [Worker-85] INFO  o.e.m.c.i.embedder.EclipseLogger - Copying 1 resource
2019-10-14 11:33:24,507 [Worker-85] INFO  o.e.m.c.i.embedder.EclipseLogger - Copying 1 resource
2019-10-14 11:33:24,509 [Worker-85] INFO  o.e.m.c.i.embedder.EclipseLogger - Using 'UTF-8' encoding to copy filtered resources.
2019-10-14 11:33:24,509 [Worker-85] INFO  o.e.m.c.i.embedder.EclipseLogger - skip non existing resourceDirectory D:\Projects\submissions\truyum-v2\monolithic-services\truyum\src\test\resources
2019-10-14 11:33:38,741 [Worker-83] INFO  o.e.m.c.i.embedder.EclipseLogger - Using 'UTF-8' encoding to copy filtered resources.
2019-10-14 11:33:38,742 [Worker-83] INFO  o.e.m.c.i.embedder.EclipseLogger - Copying 1 resource
2019-10-14 11:33:38,744 [Worker-83] INFO  o.e.m.c.i.embedder.EclipseLogger - Copying 1 resource
2019-10-14 11:33:38,747 [Worker-83] INFO  o.e.m.c.i.embedder.EclipseLogger - Using 'UTF-8' encoding to copy filtered resources.
2019-10-14 11:33:38,747 [Worker-83] INFO  o.e.m.c.i.embedder.EclipseLogger - skip non existing resourceDirectory D:\Projects\submissions\truyum-v2\monolithic-services\truyum\src\test\resources
2019-10-14 11:37:56,583 [Worker-71] INFO  o.e.m.c.i.embedder.EclipseLogger - Using 'UTF-8' encoding to copy filtered resources.
2019-10-14 11:37:56,584 [Worker-71] INFO  o.e.m.c.i.embedder.EclipseLogger - Copying 1 resource
2019-10-14 11:37:56,586 [Worker-71] INFO  o.e.m.c.i.embedder.EclipseLogger - Copying 1 resource
2019-10-14 11:37:56,588 [Worker-71] INFO  o.e.m.c.i.embedder.EclipseLogger - Using 'UTF-8' encoding to copy filtered resources.
2019-10-14 11:37:56,588 [Worker-71] INFO  o.e.m.c.i.embedder.EclipseLogger - skip non existing resourceDirectory D:\Projects\submissions\truyum-v2\monolithic-services\truyum\src\test\resources
2019-10-14 11:38:18,734 [Worker-71] INFO  o.e.m.c.i.embedder.EclipseLogger - Using 'UTF-8' encoding to copy filtered resources.
2019-10-14 11:38:18,735 [Worker-71] INFO  o.e.m.c.i.embedder.EclipseLogger - Copying 1 resource
2019-10-14 11:38:18,740 [Worker-71] INFO  o.e.m.c.i.embedder.EclipseLogger - Copying 1 resource
2019-10-14 11:38:18,743 [Worker-71] INFO  o.e.m.c.i.embedder.EclipseLogger - Using 'UTF-8' encoding to copy filtered resources.
2019-10-14 11:38:18,743 [Worker-71] INFO  o.e.m.c.i.embedder.EclipseLogger - skip non existing resourceDirectory D:\Projects\submissions\truyum-v2\monolithic-services\truyum\src\test\resources
2019-10-14 11:38:36,668 [Worker-88] INFO  o.e.m.c.i.embedder.EclipseLogger - Using 'UTF-8' encoding to copy filtered resources.
2019-10-14 11:38:36,669 [Worker-88] INFO  o.e.m.c.i.embedder.EclipseLogger - Copying 1 resource
2019-10-14 11:38:36,671 [Worker-88] INFO  o.e.m.c.i.embedder.EclipseLogger - Copying 1 resource
2019-10-14 11:38:36,674 [Worker-88] INFO  o.e.m.c.i.embedder.EclipseLogger - Using 'UTF-8' encoding to copy filtered resources.
2019-10-14 11:38:36,674 [Worker-88] INFO  o.e.m.c.i.embedder.EclipseLogger - skip non existing resourceDirectory D:\Projects\submissions\truyum-v2\monolithic-services\truyum\src\test\resources
2019-10-14 11:40:16,154 [Worker-75] INFO  o.e.m.c.i.embedder.EclipseLogger - Using 'UTF-8' encoding to copy filtered resources.
2019-10-14 11:40:16,154 [Worker-75] INFO  o.e.m.c.i.embedder.EclipseLogger - Copying 1 resource
2019-10-14 11:40:16,162 [Worker-75] INFO  o.e.m.c.i.embedder.EclipseLogger - Copying 1 resource
2019-10-14 11:40:16,163 [Worker-75] INFO  o.e.m.c.i.embedder.EclipseLogger - Using 'UTF-8' encoding to copy filtered resources.
2019-10-14 11:40:16,164 [Worker-75] INFO  o.e.m.c.i.embedder.EclipseLogger - skip non existing resourceDirectory D:\Projects\submissions\truyum-v2\monolithic-services\truyum\src\test\resources
2019-10-14 11:42:39,390 [Worker-95] INFO  o.e.m.c.i.embedder.EclipseLogger - Using 'UTF-8' encoding to copy filtered resources.
2019-10-14 11:42:39,391 [Worker-95] INFO  o.e.m.c.i.embedder.EclipseLogger - Copying 1 resource
2019-10-14 11:42:39,393 [Worker-95] INFO  o.e.m.c.i.embedder.EclipseLogger - Copying 1 resource
2019-10-14 11:42:39,394 [Worker-95] INFO  o.e.m.c.i.embedder.EclipseLogger - Using 'UTF-8' encoding to copy filtered resources.
2019-10-14 11:42:39,394 [Worker-95] INFO  o.e.m.c.i.embedder.EclipseLogger - skip non existing resourceDirectory D:\Projects\submissions\truyum-v2\monolithic-services\truyum\src\test\resources
2019-10-14 11:42:57,229 [Worker-93] INFO  o.e.m.c.i.embedder.EclipseLogger - Using 'UTF-8' encoding to copy filtered resources.
2019-10-14 11:42:57,229 [Worker-93] INFO  o.e.m.c.i.embedder.EclipseLogger - Copying 1 resource
2019-10-14 11:42:57,232 [Worker-93] INFO  o.e.m.c.i.embedder.EclipseLogger - Copying 1 resource
2019-10-14 11:42:57,233 [Worker-93] INFO  o.e.m.c.i.embedder.EclipseLogger - Using 'UTF-8' encoding to copy filtered resources.
2019-10-14 11:42:57,234 [Worker-93] INFO  o.e.m.c.i.embedder.EclipseLogger - skip non existing resourceDirectory D:\Projects\submissions\truyum-v2\monolithic-services\truyum\src\test\resources
2019-10-14 11:43:50,664 [Worker-90] INFO  o.e.m.c.i.embedder.EclipseLogger - Using 'UTF-8' encoding to copy filtered resources.
2019-10-14 11:43:50,665 [Worker-90] INFO  o.e.m.c.i.embedder.EclipseLogger - Copying 1 resource
2019-10-14 11:43:50,668 [Worker-90] INFO  o.e.m.c.i.embedder.EclipseLogger - Copying 1 resource
2019-10-14 11:43:50,670 [Worker-90] INFO  o.e.m.c.i.embedder.EclipseLogger - Using 'UTF-8' encoding to copy filtered resources.
2019-10-14 11:43:50,670 [Worker-90] INFO  o.e.m.c.i.embedder.EclipseLogger - skip non existing resourceDirectory D:\Projects\submissions\truyum-v2\monolithic-services\truyum\src\test\resources
2019-10-14 11:44:01,026 [Worker-93] INFO  o.e.m.c.i.embedder.EclipseLogger - Using 'UTF-8' encoding to copy filtered resources.
2019-10-14 11:44:01,026 [Worker-93] INFO  o.e.m.c.i.embedder.EclipseLogger - Copying 1 resource
2019-10-14 11:44:01,029 [Worker-93] INFO  o.e.m.c.i.embedder.EclipseLogger - Copying 1 resource
2019-10-14 11:44:01,032 [Worker-93] INFO  o.e.m.c.i.embedder.EclipseLogger - Using 'UTF-8' encoding to copy filtered resources.
2019-10-14 11:44:01,032 [Worker-93] INFO  o.e.m.c.i.embedder.EclipseLogger - skip non existing resourceDirectory D:\Projects\submissions\truyum-v2\monolithic-services\truyum\src\test\resources
2019-10-14 11:45:03,069 [Worker-96] INFO  o.e.m.c.i.embedder.EclipseLogger - Using 'UTF-8' encoding to copy filtered resources.
2019-10-14 11:45:03,069 [Worker-96] INFO  o.e.m.c.i.embedder.EclipseLogger - Copying 1 resource
2019-10-14 11:45:03,074 [Worker-96] INFO  o.e.m.c.i.embedder.EclipseLogger - Copying 1 resource
2019-10-14 11:45:03,077 [Worker-96] INFO  o.e.m.c.i.embedder.EclipseLogger - Using 'UTF-8' encoding to copy filtered resources.
2019-10-14 11:45:03,077 [Worker-96] INFO  o.e.m.c.i.embedder.EclipseLogger - skip non existing resourceDirectory D:\Projects\submissions\truyum-v2\monolithic-services\truyum\src\test\resources
2019-10-14 11:53:41,207 [Worker-99] INFO  o.e.m.c.i.embedder.EclipseLogger - Using 'UTF-8' encoding to copy filtered resources.
2019-10-14 11:53:41,208 [Worker-99] INFO  o.e.m.c.i.embedder.EclipseLogger - Copying 1 resource
2019-10-14 11:53:41,238 [Worker-99] INFO  o.e.m.c.i.embedder.EclipseLogger - Copying 1 resource
2019-10-14 11:53:41,240 [Worker-99] INFO  o.e.m.c.i.embedder.EclipseLogger - Using 'UTF-8' encoding to copy filtered resources.
2019-10-14 11:53:41,240 [Worker-99] INFO  o.e.m.c.i.embedder.EclipseLogger - skip non existing resourceDirectory D:\Projects\submissions\truyum-v2\monolithic-services\truyum\src\test\resources
2019-10-14 11:54:45,506 [Worker-102] INFO  o.e.m.c.i.embedder.EclipseLogger - Using 'UTF-8' encoding to copy filtered resources.
2019-10-14 11:54:45,506 [Worker-102] INFO  o.e.m.c.i.embedder.EclipseLogger - Copying 1 resource
2019-10-14 11:54:45,509 [Worker-102] INFO  o.e.m.c.i.embedder.EclipseLogger - Copying 1 resource
2019-10-14 11:54:45,511 [Worker-102] INFO  o.e.m.c.i.embedder.EclipseLogger - Using 'UTF-8' encoding to copy filtered resources.
2019-10-14 11:54:45,526 [Worker-102] INFO  o.e.m.c.i.embedder.EclipseLogger - skip non existing resourceDirectory D:\Projects\submissions\truyum-v2\monolithic-services\truyum\src\test\resources
2019-10-14 11:56:40,188 [Worker-102] INFO  o.e.m.c.i.embedder.EclipseLogger - Using 'UTF-8' encoding to copy filtered resources.
2019-10-14 11:56:40,189 [Worker-102] INFO  o.e.m.c.i.embedder.EclipseLogger - Copying 1 resource
2019-10-14 11:56:40,192 [Worker-102] INFO  o.e.m.c.i.embedder.EclipseLogger - Copying 1 resource
2019-10-14 11:56:40,194 [Worker-102] INFO  o.e.m.c.i.embedder.EclipseLogger - Using 'UTF-8' encoding to copy filtered resources.
2019-10-14 11:56:40,194 [Worker-102] INFO  o.e.m.c.i.embedder.EclipseLogger - skip non existing resourceDirectory D:\Projects\submissions\truyum-v2\monolithic-services\truyum\src\test\resources
2019-10-14 11:58:37,568 [Worker-106] INFO  o.e.m.c.i.embedder.EclipseLogger - Using 'UTF-8' encoding to copy filtered resources.
2019-10-14 11:58:37,569 [Worker-106] INFO  o.e.m.c.i.embedder.EclipseLogger - Copying 1 resource
2019-10-14 11:58:37,572 [Worker-106] INFO  o.e.m.c.i.embedder.EclipseLogger - Copying 1 resource
2019-10-14 11:58:37,574 [Worker-106] INFO  o.e.m.c.i.embedder.EclipseLogger - Using 'UTF-8' encoding to copy filtered resources.
2019-10-14 11:58:37,574 [Worker-106] INFO  o.e.m.c.i.embedder.EclipseLogger - skip non existing resourceDirectory D:\Projects\submissions\truyum-v2\monolithic-services\truyum\src\test\resources
2019-10-14 11:58:41,415 [Worker-102] INFO  o.e.m.c.i.embedder.EclipseLogger - Using 'UTF-8' encoding to copy filtered resources.
2019-10-14 11:58:41,416 [Worker-102] INFO  o.e.m.c.i.embedder.EclipseLogger - Copying 1 resource
2019-10-14 11:58:41,422 [Worker-102] INFO  o.e.m.c.i.embedder.EclipseLogger - Copying 1 resource
2019-10-14 11:58:41,424 [Worker-102] INFO  o.e.m.c.i.embedder.EclipseLogger - Using 'UTF-8' encoding to copy filtered resources.
2019-10-14 11:58:41,424 [Worker-102] INFO  o.e.m.c.i.embedder.EclipseLogger - skip non existing resourceDirectory D:\Projects\submissions\truyum-v2\monolithic-services\truyum\src\test\resources
2019-10-14 12:10:58,570 [Worker-113] INFO  o.e.m.c.i.l.LifecycleMappingFactory - Using org.eclipse.m2e.jdt.JarLifecycleMapping lifecycle mapping for MavenProject: com.cognizant:truyum:0.0.1-SNAPSHOT @ D:\Projects\submissions\truyum-v2\monolithic-services\truyum\pom.xml.
2019-10-14 12:11:14,430 [Worker-113] INFO  o.e.m.c.i.embedder.EclipseLogger - Using 'UTF-8' encoding to copy filtered resources.
2019-10-14 12:11:14,470 [Worker-113] INFO  o.e.m.c.i.embedder.EclipseLogger - Copying 0 resource
2019-10-14 12:11:14,471 [Worker-113] INFO  o.e.m.c.i.embedder.EclipseLogger - Copying 0 resource
2019-10-14 12:11:14,472 [Worker-113] INFO  o.e.m.c.i.embedder.EclipseLogger - Using 'UTF-8' encoding to copy filtered resources.
2019-10-14 12:11:14,472 [Worker-113] INFO  o.e.m.c.i.embedder.EclipseLogger - skip non existing resourceDirectory D:\Projects\submissions\truyum-v2\monolithic-services\truyum\src\test\resources
2019-10-14 12:11:17,471 [Worker-114] INFO  o.e.m.c.i.embedder.EclipseLogger - Using 'UTF-8' encoding to copy filtered resources.
2019-10-14 12:11:17,471 [Worker-114] INFO  o.e.m.c.i.embedder.EclipseLogger - Copying 1 resource
2019-10-14 12:11:17,539 [Worker-114] INFO  o.e.m.c.i.embedder.EclipseLogger - Copying 1 resource
2019-10-14 12:11:17,544 [Worker-114] INFO  o.e.m.c.i.embedder.EclipseLogger - Using 'UTF-8' encoding to copy filtered resources.
2019-10-14 12:11:17,545 [Worker-114] INFO  o.e.m.c.i.embedder.EclipseLogger - skip non existing resourceDirectory D:\Projects\submissions\truyum-v2\monolithic-services\truyum\src\test\resources
2019-10-14 12:12:17,113 [Worker-115] INFO  o.e.m.c.i.embedder.EclipseLogger - Using 'UTF-8' encoding to copy filtered resources.
2019-10-14 12:12:17,113 [Worker-115] INFO  o.e.m.c.i.embedder.EclipseLogger - Copying 1 resource
2019-10-14 12:12:17,116 [Worker-115] INFO  o.e.m.c.i.embedder.EclipseLogger - Copying 1 resource
2019-10-14 12:12:17,118 [Worker-115] INFO  o.e.m.c.i.embedder.EclipseLogger - Using 'UTF-8' encoding to copy filtered resources.
2019-10-14 12:12:17,118 [Worker-115] INFO  o.e.m.c.i.embedder.EclipseLogger - skip non existing resourceDirectory D:\Projects\submissions\truyum-v2\monolithic-services\truyum\src\test\resources
2019-10-14 12:12:33,962 [Worker-114] INFO  o.e.m.c.i.embedder.EclipseLogger - Using 'UTF-8' encoding to copy filtered resources.
2019-10-14 12:12:33,963 [Worker-114] INFO  o.e.m.c.i.embedder.EclipseLogger - Copying 1 resource
2019-10-14 12:12:33,965 [Worker-114] INFO  o.e.m.c.i.embedder.EclipseLogger - Copying 1 resource
2019-10-14 12:12:33,966 [Worker-114] INFO  o.e.m.c.i.embedder.EclipseLogger - Using 'UTF-8' encoding to copy filtered resources.
2019-10-14 12:12:33,967 [Worker-114] INFO  o.e.m.c.i.embedder.EclipseLogger - skip non existing resourceDirectory D:\Projects\submissions\truyum-v2\monolithic-services\truyum\src\test\resources
2019-10-14 12:12:39,890 [Worker-116] INFO  o.e.m.c.i.embedder.EclipseLogger - Using 'UTF-8' encoding to copy filtered resources.
2019-10-14 12:12:39,891 [Worker-116] INFO  o.e.m.c.i.embedder.EclipseLogger - Copying 1 resource
2019-10-14 12:12:39,901 [Worker-116] INFO  o.e.m.c.i.embedder.EclipseLogger - Copying 1 resource
2019-10-14 12:12:39,903 [Worker-116] INFO  o.e.m.c.i.embedder.EclipseLogger - Using 'UTF-8' encoding to copy filtered resources.
2019-10-14 12:12:39,903 [Worker-116] INFO  o.e.m.c.i.embedder.EclipseLogger - skip non existing resourceDirectory D:\Projects\submissions\truyum-v2\monolithic-services\truyum\src\test\resources
2019-10-14 12:12:54,093 [Worker-116] INFO  o.e.m.c.i.embedder.EclipseLogger - Using 'UTF-8' encoding to copy filtered resources.
2019-10-14 12:12:54,094 [Worker-116] INFO  o.e.m.c.i.embedder.EclipseLogger - Copying 1 resource
2019-10-14 12:12:54,098 [Worker-116] INFO  o.e.m.c.i.embedder.EclipseLogger - Copying 1 resource
2019-10-14 12:12:54,100 [Worker-116] INFO  o.e.m.c.i.embedder.EclipseLogger - Using 'UTF-8' encoding to copy filtered resources.
2019-10-14 12:12:54,100 [Worker-116] INFO  o.e.m.c.i.embedder.EclipseLogger - skip non existing resourceDirectory D:\Projects\submissions\truyum-v2\monolithic-services\truyum\src\test\resources
2019-10-14 12:12:57,129 [Worker-115] INFO  o.e.m.c.i.embedder.EclipseLogger - Using 'UTF-8' encoding to copy filtered resources.
2019-10-14 12:12:57,130 [Worker-115] INFO  o.e.m.c.i.embedder.EclipseLogger - Copying 1 resource
2019-10-14 12:12:57,132 [Worker-115] INFO  o.e.m.c.i.embedder.EclipseLogger - Copying 1 resource
2019-10-14 12:12:57,134 [Worker-115] INFO  o.e.m.c.i.embedder.EclipseLogger - Using 'UTF-8' encoding to copy filtered resources.
2019-10-14 12:12:57,134 [Worker-115] INFO  o.e.m.c.i.embedder.EclipseLogger - skip non existing resourceDirectory D:\Projects\submissions\truyum-v2\monolithic-services\truyum\src\test\resources
2019-10-14 12:14:10,053 [Worker-106] INFO  o.e.m.c.i.embedder.EclipseLogger - Using 'UTF-8' encoding to copy filtered resources.
2019-10-14 12:14:10,053 [Worker-106] INFO  o.e.m.c.i.embedder.EclipseLogger - Copying 1 resource
2019-10-14 12:14:10,056 [Worker-106] INFO  o.e.m.c.i.embedder.EclipseLogger - Copying 1 resource
2019-10-14 12:14:10,058 [Worker-106] INFO  o.e.m.c.i.embedder.EclipseLogger - Using 'UTF-8' encoding to copy filtered resources.
2019-10-14 12:14:10,058 [Worker-106] INFO  o.e.m.c.i.embedder.EclipseLogger - skip non existing resourceDirectory D:\Projects\submissions\truyum-v2\monolithic-services\truyum\src\test\resources
2019-10-14 12:14:21,303 [Worker-115] INFO  o.e.m.c.i.embedder.EclipseLogger - Using 'UTF-8' encoding to copy filtered resources.
2019-10-14 12:14:21,303 [Worker-115] INFO  o.e.m.c.i.embedder.EclipseLogger - Copying 1 resource
2019-10-14 12:14:21,305 [Worker-115] INFO  o.e.m.c.i.embedder.EclipseLogger - Copying 1 resource
2019-10-14 12:14:21,307 [Worker-115] INFO  o.e.m.c.i.embedder.EclipseLogger - Using 'UTF-8' encoding to copy filtered resources.
2019-10-14 12:14:21,307 [Worker-115] INFO  o.e.m.c.i.embedder.EclipseLogger - skip non existing resourceDirectory D:\Projects\submissions\truyum-v2\monolithic-services\truyum\src\test\resources
2019-10-14 12:16:50,900 [Worker-119] INFO  o.e.m.c.i.embedder.EclipseLogger - Using 'UTF-8' encoding to copy filtered resources.
2019-10-14 12:16:50,900 [Worker-119] INFO  o.e.m.c.i.embedder.EclipseLogger - Copying 1 resource
2019-10-14 12:16:50,902 [Worker-119] INFO  o.e.m.c.i.embedder.EclipseLogger - Copying 1 resource
2019-10-14 12:16:50,903 [Worker-119] INFO  o.e.m.c.i.embedder.EclipseLogger - Using 'UTF-8' encoding to copy filtered resources.
2019-10-14 12:16:50,903 [Worker-119] INFO  o.e.m.c.i.embedder.EclipseLogger - skip non existing resourceDirectory D:\Projects\submissions\truyum-v2\monolithic-services\truyum\src\test\resources
2019-10-14 12:17:19,563 [Worker-119] INFO  o.e.m.c.i.embedder.EclipseLogger - Using 'UTF-8' encoding to copy filtered resources.
2019-10-14 12:17:19,564 [Worker-119] INFO  o.e.m.c.i.embedder.EclipseLogger - Copying 1 resource
2019-10-14 12:17:19,566 [Worker-119] INFO  o.e.m.c.i.embedder.EclipseLogger - Copying 1 resource
2019-10-14 12:17:19,568 [Worker-119] INFO  o.e.m.c.i.embedder.EclipseLogger - Using 'UTF-8' encoding to copy filtered resources.
2019-10-14 12:17:19,568 [Worker-119] INFO  o.e.m.c.i.embedder.EclipseLogger - skip non existing resourceDirectory D:\Projects\submissions\truyum-v2\monolithic-services\truyum\src\test\resources
2019-10-14 12:17:35,290 [Worker-120] INFO  o.e.m.c.i.embedder.EclipseLogger - Using 'UTF-8' encoding to copy filtered resources.
2019-10-14 12:17:35,290 [Worker-120] INFO  o.e.m.c.i.embedder.EclipseLogger - Copying 1 resource
2019-10-14 12:17:35,292 [Worker-120] INFO  o.e.m.c.i.embedder.EclipseLogger - Copying 1 resource
2019-10-14 12:17:35,293 [Worker-120] INFO  o.e.m.c.i.embedder.EclipseLogger - Using 'UTF-8' encoding to copy filtered resources.
2019-10-14 12:17:35,293 [Worker-120] INFO  o.e.m.c.i.embedder.EclipseLogger - skip non existing resourceDirectory D:\Projects\submissions\truyum-v2\monolithic-services\truyum\src\test\resources
2019-10-14 12:18:10,050 [Worker-112] INFO  o.e.m.c.i.embedder.EclipseLogger - Using 'UTF-8' encoding to copy filtered resources.
2019-10-14 12:18:10,051 [Worker-112] INFO  o.e.m.c.i.embedder.EclipseLogger - Copying 1 resource
2019-10-14 12:18:10,055 [Worker-112] INFO  o.e.m.c.i.embedder.EclipseLogger - Copying 1 resource
2019-10-14 12:18:10,069 [Worker-112] INFO  o.e.m.c.i.embedder.EclipseLogger - Using 'UTF-8' encoding to copy filtered resources.
2019-10-14 12:18:10,069 [Worker-112] INFO  o.e.m.c.i.embedder.EclipseLogger - skip non existing resourceDirectory D:\Projects\submissions\truyum-v2\monolithic-services\truyum\src\test\resources
2019-10-14 12:20:54,442 [Worker-109] INFO  o.e.m.c.i.embedder.EclipseLogger - Using 'UTF-8' encoding to copy filtered resources.
2019-10-14 12:20:54,443 [Worker-109] INFO  o.e.m.c.i.embedder.EclipseLogger - Copying 1 resource
2019-10-14 12:20:54,447 [Worker-109] INFO  o.e.m.c.i.embedder.EclipseLogger - Copying 1 resource
2019-10-14 12:20:54,448 [Worker-109] INFO  o.e.m.c.i.embedder.EclipseLogger - Using 'UTF-8' encoding to copy filtered resources.
2019-10-14 12:20:54,448 [Worker-109] INFO  o.e.m.c.i.embedder.EclipseLogger - skip non existing resourceDirectory D:\Projects\submissions\truyum-v2\monolithic-services\truyum\src\test\resources
2019-10-14 12:21:12,846 [Worker-114] INFO  o.e.m.c.i.embedder.EclipseLogger - Using 'UTF-8' encoding to copy filtered resources.
2019-10-14 12:21:12,846 [Worker-114] INFO  o.e.m.c.i.embedder.EclipseLogger - Copying 1 resource
2019-10-14 12:21:12,849 [Worker-114] INFO  o.e.m.c.i.embedder.EclipseLogger - Copying 1 resource
2019-10-14 12:21:12,851 [Worker-114] INFO  o.e.m.c.i.embedder.EclipseLogger - Using 'UTF-8' encoding to copy filtered resources.
2019-10-14 12:21:12,852 [Worker-114] INFO  o.e.m.c.i.embedder.EclipseLogger - skip non existing resourceDirectory D:\Projects\submissions\truyum-v2\monolithic-services\truyum\src\test\resources
2019-10-14 12:21:15,804 [Worker-112] INFO  o.e.m.c.i.embedder.EclipseLogger - Using 'UTF-8' encoding to copy filtered resources.
2019-10-14 12:21:15,804 [Worker-112] INFO  o.e.m.c.i.embedder.EclipseLogger - Copying 1 resource
2019-10-14 12:21:15,823 [Worker-112] INFO  o.e.m.c.i.embedder.EclipseLogger - Copying 1 resource
2019-10-14 12:21:15,826 [Worker-112] INFO  o.e.m.c.i.embedder.EclipseLogger - Using 'UTF-8' encoding to copy filtered resources.
2019-10-14 12:21:15,826 [Worker-112] INFO  o.e.m.c.i.embedder.EclipseLogger - skip non existing resourceDirectory D:\Projects\submissions\truyum-v2\monolithic-services\truyum\src\test\resources
2019-10-14 12:21:39,442 [Worker-112] INFO  o.e.m.c.i.embedder.EclipseLogger - Using 'UTF-8' encoding to copy filtered resources.
2019-10-14 12:21:39,442 [Worker-112] INFO  o.e.m.c.i.embedder.EclipseLogger - Copying 1 resource
2019-10-14 12:21:39,447 [Worker-112] INFO  o.e.m.c.i.embedder.EclipseLogger - Copying 1 resource
2019-10-14 12:21:39,449 [Worker-112] INFO  o.e.m.c.i.embedder.EclipseLogger - Using 'UTF-8' encoding to copy filtered resources.
2019-10-14 12:21:39,449 [Worker-112] INFO  o.e.m.c.i.embedder.EclipseLogger - skip non existing resourceDirectory D:\Projects\submissions\truyum-v2\monolithic-services\truyum\src\test\resources
2019-10-14 12:21:46,668 [Worker-117] INFO  o.e.m.c.i.embedder.EclipseLogger - Using 'UTF-8' encoding to copy filtered resources.
2019-10-14 12:21:46,668 [Worker-117] INFO  o.e.m.c.i.embedder.EclipseLogger - Copying 1 resource
2019-10-14 12:21:46,681 [Worker-117] INFO  o.e.m.c.i.embedder.EclipseLogger - Copying 1 resource
2019-10-14 12:21:46,683 [Worker-117] INFO  o.e.m.c.i.embedder.EclipseLogger - Using 'UTF-8' encoding to copy filtered resources.
2019-10-14 12:21:46,683 [Worker-117] INFO  o.e.m.c.i.embedder.EclipseLogger - skip non existing resourceDirectory D:\Projects\submissions\truyum-v2\monolithic-services\truyum\src\test\resources
2019-10-14 12:21:56,620 [Worker-111] INFO  o.e.m.c.i.l.LifecycleMappingFactory - Using org.eclipse.m2e.jdt.JarLifecycleMapping lifecycle mapping for MavenProject: com.cognizant:truyum:0.0.1-SNAPSHOT @ D:\Projects\submissions\truyum-v2\monolithic-services\truyum\pom.xml.
2019-10-14 12:21:57,460 [Worker-111] INFO  o.e.m.c.i.embedder.EclipseLogger - Using 'UTF-8' encoding to copy filtered resources.
2019-10-14 12:21:57,466 [Worker-111] INFO  o.e.m.c.i.embedder.EclipseLogger - Copying 0 resource
2019-10-14 12:21:57,466 [Worker-111] INFO  o.e.m.c.i.embedder.EclipseLogger - Copying 0 resource
2019-10-14 12:21:57,471 [Worker-111] INFO  o.e.m.c.i.embedder.EclipseLogger - Using 'UTF-8' encoding to copy filtered resources.
2019-10-14 12:21:57,471 [Worker-111] INFO  o.e.m.c.i.embedder.EclipseLogger - skip non existing resourceDirectory D:\Projects\submissions\truyum-v2\monolithic-services\truyum\src\test\resources
2019-10-14 12:26:59,874 [Worker-121] INFO  o.e.m.c.i.embedder.EclipseLogger - Using 'UTF-8' encoding to copy filtered resources.
2019-10-14 12:26:59,874 [Worker-121] INFO  o.e.m.c.i.embedder.EclipseLogger - Copying 1 resource
2019-10-14 12:26:59,888 [Worker-121] INFO  o.e.m.c.i.embedder.EclipseLogger - Copying 1 resource
2019-10-14 12:26:59,890 [Worker-121] INFO  o.e.m.c.i.embedder.EclipseLogger - Using 'UTF-8' encoding to copy filtered resources.
2019-10-14 12:26:59,890 [Worker-121] INFO  o.e.m.c.i.embedder.EclipseLogger - skip non existing resourceDirectory D:\Projects\submissions\truyum-v2\monolithic-services\truyum\src\test\resources
2019-10-14 14:45:56,136 [Worker-128] INFO  o.e.m.c.i.l.LifecycleMappingFactory - Using org.eclipse.m2e.jdt.JarLifecycleMapping lifecycle mapping for MavenProject: com.cognizant:truyum:0.0.1-SNAPSHOT @ D:\Projects\submissions\truyum-v2\monolithic-services\truyum\pom.xml.
2019-10-14 14:45:59,780 [Worker-128] INFO  o.e.m.c.i.embedder.EclipseLogger - Using 'UTF-8' encoding to copy filtered resources.
2019-10-14 14:45:59,783 [Worker-128] INFO  o.e.m.c.i.embedder.EclipseLogger - Copying 0 resource
2019-10-14 14:45:59,783 [Worker-128] INFO  o.e.m.c.i.embedder.EclipseLogger - Copying 0 resource
2019-10-14 14:45:59,785 [Worker-128] INFO  o.e.m.c.i.embedder.EclipseLogger - Using 'UTF-8' encoding to copy filtered resources.
2019-10-14 14:45:59,785 [Worker-128] INFO  o.e.m.c.i.embedder.EclipseLogger - skip non existing resourceDirectory D:\Projects\submissions\truyum-v2\monolithic-services\truyum\src\test\resources
2019-10-14 14:46:02,182 [Worker-133] INFO  o.e.m.c.i.embedder.EclipseLogger - Using 'UTF-8' encoding to copy filtered resources.
2019-10-14 14:46:02,182 [Worker-133] INFO  o.e.m.c.i.embedder.EclipseLogger - Copying 1 resource
2019-10-14 14:46:02,214 [Worker-133] INFO  o.e.m.c.i.embedder.EclipseLogger - Copying 1 resource
2019-10-14 14:46:02,222 [Worker-133] INFO  o.e.m.c.i.embedder.EclipseLogger - Using 'UTF-8' encoding to copy filtered resources.
2019-10-14 14:46:02,222 [Worker-133] INFO  o.e.m.c.i.embedder.EclipseLogger - skip non existing resourceDirectory D:\Projects\submissions\truyum-v2\monolithic-services\truyum\src\test\resources
2019-10-14 14:46:59,391 [Worker-137] INFO  o.e.m.c.i.embedder.EclipseLogger - Using 'UTF-8' encoding to copy filtered resources.
2019-10-14 14:46:59,392 [Worker-137] INFO  o.e.m.c.i.embedder.EclipseLogger - Copying 1 resource
2019-10-14 14:46:59,402 [Worker-137] INFO  o.e.m.c.i.embedder.EclipseLogger - Copying 1 resource
2019-10-14 14:46:59,435 [Worker-137] INFO  o.e.m.c.i.embedder.EclipseLogger - Using 'UTF-8' encoding to copy filtered resources.
2019-10-14 14:46:59,435 [Worker-137] INFO  o.e.m.c.i.embedder.EclipseLogger - skip non existing resourceDirectory D:\Projects\submissions\truyum-v2\monolithic-services\truyum\src\test\resources
2019-10-14 14:47:18,289 [Worker-134] INFO  o.e.m.c.i.embedder.EclipseLogger - Using 'UTF-8' encoding to copy filtered resources.
2019-10-14 14:47:18,289 [Worker-134] INFO  o.e.m.c.i.embedder.EclipseLogger - Copying 1 resource
2019-10-14 14:47:18,293 [Worker-134] INFO  o.e.m.c.i.embedder.EclipseLogger - Copying 1 resource
2019-10-14 14:47:18,296 [Worker-134] INFO  o.e.m.c.i.embedder.EclipseLogger - Using 'UTF-8' encoding to copy filtered resources.
2019-10-14 14:47:18,296 [Worker-134] INFO  o.e.m.c.i.embedder.EclipseLogger - skip non existing resourceDirectory D:\Projects\submissions\truyum-v2\monolithic-services\truyum\src\test\resources
2019-10-14 14:47:38,528 [Worker-135] INFO  o.e.m.c.i.embedder.EclipseLogger - Using 'UTF-8' encoding to copy filtered resources.
2019-10-14 14:47:38,528 [Worker-135] INFO  o.e.m.c.i.embedder.EclipseLogger - Copying 1 resource
2019-10-14 14:47:38,540 [Worker-135] INFO  o.e.m.c.i.embedder.EclipseLogger - Copying 1 resource
2019-10-14 14:47:38,542 [Worker-135] INFO  o.e.m.c.i.embedder.EclipseLogger - Using 'UTF-8' encoding to copy filtered resources.
2019-10-14 14:47:38,542 [Worker-135] INFO  o.e.m.c.i.embedder.EclipseLogger - skip non existing resourceDirectory D:\Projects\submissions\truyum-v2\monolithic-services\truyum\src\test\resources
2019-10-14 14:48:05,844 [Worker-134] INFO  o.e.m.c.i.embedder.EclipseLogger - Using 'UTF-8' encoding to copy filtered resources.
2019-10-14 14:48:05,844 [Worker-134] INFO  o.e.m.c.i.embedder.EclipseLogger - Copying 1 resource
2019-10-14 14:48:05,849 [Worker-134] INFO  o.e.m.c.i.embedder.EclipseLogger - Copying 1 resource
2019-10-14 14:48:05,851 [Worker-134] INFO  o.e.m.c.i.embedder.EclipseLogger - Using 'UTF-8' encoding to copy filtered resources.
2019-10-14 14:48:05,851 [Worker-134] INFO  o.e.m.c.i.embedder.EclipseLogger - skip non existing resourceDirectory D:\Projects\submissions\truyum-v2\monolithic-services\truyum\src\test\resources
2019-10-14 14:48:16,247 [Worker-139] INFO  o.e.m.c.i.embedder.EclipseLogger - Using 'UTF-8' encoding to copy filtered resources.
2019-10-14 14:48:16,248 [Worker-139] INFO  o.e.m.c.i.embedder.EclipseLogger - Copying 1 resource
2019-10-14 14:48:16,250 [Worker-139] INFO  o.e.m.c.i.embedder.EclipseLogger - Copying 1 resource
2019-10-14 14:48:16,252 [Worker-139] INFO  o.e.m.c.i.embedder.EclipseLogger - Using 'UTF-8' encoding to copy filtered resources.
2019-10-14 14:48:16,253 [Worker-139] INFO  o.e.m.c.i.embedder.EclipseLogger - skip non existing resourceDirectory D:\Projects\submissions\truyum-v2\monolithic-services\truyum\src\test\resources
2019-10-14 14:48:36,499 [Worker-134] INFO  o.e.m.c.i.embedder.EclipseLogger - Using 'UTF-8' encoding to copy filtered resources.
2019-10-14 14:48:36,500 [Worker-134] INFO  o.e.m.c.i.embedder.EclipseLogger - Copying 1 resource
2019-10-14 14:48:36,502 [Worker-134] INFO  o.e.m.c.i.embedder.EclipseLogger - Copying 1 resource
2019-10-14 14:48:36,506 [Worker-134] INFO  o.e.m.c.i.embedder.EclipseLogger - Using 'UTF-8' encoding to copy filtered resources.
2019-10-14 14:48:36,507 [Worker-134] INFO  o.e.m.c.i.embedder.EclipseLogger - skip non existing resourceDirectory D:\Projects\submissions\truyum-v2\monolithic-services\truyum\src\test\resources
2019-10-14 14:48:56,257 [Worker-139] INFO  o.e.m.c.i.embedder.EclipseLogger - Using 'UTF-8' encoding to copy filtered resources.
2019-10-14 14:48:56,257 [Worker-139] INFO  o.e.m.c.i.embedder.EclipseLogger - Copying 1 resource
2019-10-14 14:48:56,261 [Worker-139] INFO  o.e.m.c.i.embedder.EclipseLogger - Copying 1 resource
2019-10-14 14:48:56,263 [Worker-139] INFO  o.e.m.c.i.embedder.EclipseLogger - Using 'UTF-8' encoding to copy filtered resources.
2019-10-14 14:48:56,263 [Worker-139] INFO  o.e.m.c.i.embedder.EclipseLogger - skip non existing resourceDirectory D:\Projects\submissions\truyum-v2\monolithic-services\truyum\src\test\resources
2019-10-14 14:49:28,209 [Worker-136] INFO  o.e.m.c.i.embedder.EclipseLogger - Using 'UTF-8' encoding to copy filtered resources.
2019-10-14 14:49:28,210 [Worker-136] INFO  o.e.m.c.i.embedder.EclipseLogger - Copying 1 resource
2019-10-14 14:49:28,212 [Worker-136] INFO  o.e.m.c.i.embedder.EclipseLogger - Copying 1 resource
2019-10-14 14:49:28,213 [Worker-136] INFO  o.e.m.c.i.embedder.EclipseLogger - Using 'UTF-8' encoding to copy filtered resources.
2019-10-14 14:49:28,213 [Worker-136] INFO  o.e.m.c.i.embedder.EclipseLogger - skip non existing resourceDirectory D:\Projects\submissions\truyum-v2\monolithic-services\truyum\src\test\resources
2019-10-14 14:50:26,973 [Worker-134] INFO  o.e.m.c.i.embedder.EclipseLogger - Using 'UTF-8' encoding to copy filtered resources.
2019-10-14 14:50:26,973 [Worker-134] INFO  o.e.m.c.i.embedder.EclipseLogger - Copying 1 resource
2019-10-14 14:50:26,975 [Worker-134] INFO  o.e.m.c.i.embedder.EclipseLogger - Copying 1 resource
2019-10-14 14:50:26,976 [Worker-134] INFO  o.e.m.c.i.embedder.EclipseLogger - Using 'UTF-8' encoding to copy filtered resources.
2019-10-14 14:50:26,976 [Worker-134] INFO  o.e.m.c.i.embedder.EclipseLogger - skip non existing resourceDirectory D:\Projects\submissions\truyum-v2\monolithic-services\truyum\src\test\resources
2019-10-14 14:50:55,283 [Worker-138] INFO  o.e.m.c.i.embedder.EclipseLogger - Using 'UTF-8' encoding to copy filtered resources.
2019-10-14 14:50:55,283 [Worker-138] INFO  o.e.m.c.i.embedder.EclipseLogger - Copying 1 resource
2019-10-14 14:50:55,285 [Worker-138] INFO  o.e.m.c.i.embedder.EclipseLogger - Copying 1 resource
2019-10-14 14:50:55,287 [Worker-138] INFO  o.e.m.c.i.embedder.EclipseLogger - Using 'UTF-8' encoding to copy filtered resources.
2019-10-14 14:50:55,287 [Worker-138] INFO  o.e.m.c.i.embedder.EclipseLogger - skip non existing resourceDirectory D:\Projects\submissions\truyum-v2\monolithic-services\truyum\src\test\resources
2019-10-14 14:52:42,274 [Worker-122] INFO  o.e.m.c.i.embedder.EclipseLogger - Using 'UTF-8' encoding to copy filtered resources.
2019-10-14 14:52:42,275 [Worker-122] INFO  o.e.m.c.i.embedder.EclipseLogger - Copying 1 resource
2019-10-14 14:52:42,277 [Worker-122] INFO  o.e.m.c.i.embedder.EclipseLogger - Copying 1 resource
2019-10-14 14:52:42,279 [Worker-122] INFO  o.e.m.c.i.embedder.EclipseLogger - Using 'UTF-8' encoding to copy filtered resources.
2019-10-14 14:52:42,279 [Worker-122] INFO  o.e.m.c.i.embedder.EclipseLogger - skip non existing resourceDirectory D:\Projects\submissions\truyum-v2\monolithic-services\truyum\src\test\resources
2019-10-14 14:52:45,383 [Worker-133] INFO  o.e.m.c.i.embedder.EclipseLogger - Using 'UTF-8' encoding to copy filtered resources.
2019-10-14 14:52:45,383 [Worker-133] INFO  o.e.m.c.i.embedder.EclipseLogger - Copying 1 resource
2019-10-14 14:52:45,386 [Worker-133] INFO  o.e.m.c.i.embedder.EclipseLogger - Copying 1 resource
2019-10-14 14:52:45,388 [Worker-133] INFO  o.e.m.c.i.embedder.EclipseLogger - Using 'UTF-8' encoding to copy filtered resources.
2019-10-14 14:52:45,389 [Worker-133] INFO  o.e.m.c.i.embedder.EclipseLogger - skip non existing resourceDirectory D:\Projects\submissions\truyum-v2\monolithic-services\truyum\src\test\resources
2019-10-14 15:06:24,730 [Worker-142] INFO  o.e.m.c.i.embedder.EclipseLogger - Using 'UTF-8' encoding to copy filtered resources.
2019-10-14 15:06:24,730 [Worker-142] INFO  o.e.m.c.i.embedder.EclipseLogger - Copying 1 resource
2019-10-14 15:06:24,734 [Worker-142] INFO  o.e.m.c.i.embedder.EclipseLogger - Copying 1 resource
2019-10-14 15:06:24,736 [Worker-142] INFO  o.e.m.c.i.embedder.EclipseLogger - Using 'UTF-8' encoding to copy filtered resources.
2019-10-14 15:06:24,736 [Worker-142] INFO  o.e.m.c.i.embedder.EclipseLogger - skip non existing resourceDirectory D:\Projects\submissions\truyum-v2\monolithic-services\truyum\src\test\resources
2019-10-14 15:13:28,799 [Worker-147] INFO  o.e.m.i.launch.MavenLaunchDelegate - D:\Projects\submissions\truyum-v2\monolithic-services\truyum
2019-10-14 15:13:28,799 [Worker-147] INFO  o.e.m.i.launch.MavenLaunchDelegate -  mvn -B clean
2019-10-14 15:13:33,106 [Worker-149] INFO  o.e.m.c.i.embedder.EclipseLogger - Using 'UTF-8' encoding to copy filtered resources.
2019-10-14 15:13:33,107 [Worker-149] INFO  o.e.m.c.i.embedder.EclipseLogger - Copying 1 resource
2019-10-14 15:13:33,116 [Worker-149] INFO  o.e.m.c.i.embedder.EclipseLogger - Copying 1 resource
2019-10-14 15:13:33,128 [Worker-149] INFO  o.e.m.c.i.embedder.EclipseLogger - Using 'UTF-8' encoding to copy filtered resources.
2019-10-14 15:13:33,128 [Worker-149] INFO  o.e.m.c.i.embedder.EclipseLogger - skip non existing resourceDirectory D:\Projects\submissions\truyum-v2\monolithic-services\truyum\src\test\resources
2019-10-14 15:13:44,345 [Worker-148] INFO  o.e.m.c.i.p.ProjectConfigurationManager - Update started
2019-10-14 15:13:44,976 [Worker-148] INFO  o.e.m.c.i.l.LifecycleMappingFactory - Using org.eclipse.m2e.jdt.JarLifecycleMapping lifecycle mapping for MavenProject: com.cognizant:truyum:0.0.1-SNAPSHOT @ D:\Projects\submissions\truyum-v2\monolithic-services\truyum\pom.xml.
2019-10-14 15:13:46,021 [Worker-148] INFO  o.e.m.j.i.AbstractJavaProjectConfigurator - Adding source folder /truyum/src/main/java
2019-10-14 15:13:46,021 [Worker-148] INFO  o.e.m.j.i.AbstractJavaProjectConfigurator - Adding resource folder /truyum/src/main/resources
2019-10-14 15:13:46,021 [Worker-148] INFO  o.e.m.j.i.AbstractJavaProjectConfigurator - Adding resource folder /truyum/src/main/resources
2019-10-14 15:13:46,022 [Worker-148] INFO  o.e.m.j.i.AbstractJavaProjectConfigurator - Adding source folder /truyum/src/test/java
2019-10-14 15:13:46,396 [Worker-148] INFO  o.e.m.c.i.p.ProjectConfigurationManager - Update completed: 2 sec
2019-10-14 15:13:46,966 [Worker-163] INFO  o.e.m.c.i.embedder.EclipseLogger - Using 'UTF-8' encoding to copy filtered resources.
2019-10-14 15:13:46,966 [Worker-163] INFO  o.e.m.c.i.embedder.EclipseLogger - Copying 1 resource
2019-10-14 15:13:46,992 [Worker-163] INFO  o.e.m.c.i.embedder.EclipseLogger - Copying 1 resource
2019-10-14 15:13:46,999 [Worker-163] INFO  o.e.m.c.i.embedder.EclipseLogger - Using 'UTF-8' encoding to copy filtered resources.
2019-10-14 15:13:46,999 [Worker-163] INFO  o.e.m.c.i.embedder.EclipseLogger - skip non existing resourceDirectory D:\Projects\submissions\truyum-v2\monolithic-services\truyum\src\test\resources
2019-10-14 15:14:37,191 [Worker-154] INFO  o.e.m.c.i.embedder.EclipseLogger - Using 'UTF-8' encoding to copy filtered resources.
2019-10-14 15:14:37,192 [Worker-154] INFO  o.e.m.c.i.embedder.EclipseLogger - Copying 1 resource
2019-10-14 15:14:37,196 [Worker-154] INFO  o.e.m.c.i.embedder.EclipseLogger - Copying 1 resource
2019-10-14 15:14:37,197 [Worker-154] INFO  o.e.m.c.i.embedder.EclipseLogger - Using 'UTF-8' encoding to copy filtered resources.
2019-10-14 15:14:37,197 [Worker-154] INFO  o.e.m.c.i.embedder.EclipseLogger - skip non existing resourceDirectory D:\Projects\submissions\truyum-v2\monolithic-services\truyum\src\test\resources
2019-10-14 15:14:56,478 [Worker-153] INFO  o.e.m.c.i.l.LifecycleMappingFactory - Using org.eclipse.m2e.jdt.JarLifecycleMapping lifecycle mapping for MavenProject: com.cognizant:truyum:0.0.1-SNAPSHOT @ D:\Projects\submissions\truyum-v2\monolithic-services\truyum\pom.xml.
2019-10-14 15:14:57,481 [Worker-153] INFO  o.e.m.c.i.embedder.EclipseLogger - Using 'UTF-8' encoding to copy filtered resources.
2019-10-14 15:14:57,494 [Worker-153] INFO  o.e.m.c.i.embedder.EclipseLogger - Copying 0 resource
2019-10-14 15:14:57,494 [Worker-153] INFO  o.e.m.c.i.embedder.EclipseLogger - Copying 0 resource
2019-10-14 15:14:57,496 [Worker-153] INFO  o.e.m.c.i.embedder.EclipseLogger - Using 'UTF-8' encoding to copy filtered resources.
2019-10-14 15:14:57,496 [Worker-153] INFO  o.e.m.c.i.embedder.EclipseLogger - skip non existing resourceDirectory D:\Projects\submissions\truyum-v2\monolithic-services\truyum\src\test\resources
2019-10-14 15:14:59,143 [Worker-162] INFO  o.e.m.c.i.embedder.EclipseLogger - Using 'UTF-8' encoding to copy filtered resources.
2019-10-14 15:14:59,143 [Worker-162] INFO  o.e.m.c.i.embedder.EclipseLogger - Copying 1 resource
2019-10-14 15:14:59,161 [Worker-162] INFO  o.e.m.c.i.embedder.EclipseLogger - Copying 1 resource
2019-10-14 15:14:59,168 [Worker-162] INFO  o.e.m.c.i.embedder.EclipseLogger - Using 'UTF-8' encoding to copy filtered resources.
2019-10-14 15:14:59,168 [Worker-162] INFO  o.e.m.c.i.embedder.EclipseLogger - skip non existing resourceDirectory D:\Projects\submissions\truyum-v2\monolithic-services\truyum\src\test\resources
2019-10-14 15:15:12,667 [Worker-152] INFO  o.e.m.c.i.embedder.EclipseLogger - Using 'UTF-8' encoding to copy filtered resources.
2019-10-14 15:15:12,667 [Worker-152] INFO  o.e.m.c.i.embedder.EclipseLogger - Copying 1 resource
2019-10-14 15:15:12,670 [Worker-152] INFO  o.e.m.c.i.embedder.EclipseLogger - Copying 1 resource
2019-10-14 15:15:12,674 [Worker-152] INFO  o.e.m.c.i.embedder.EclipseLogger - Using 'UTF-8' encoding to copy filtered resources.
2019-10-14 15:15:12,674 [Worker-152] INFO  o.e.m.c.i.embedder.EclipseLogger - skip non existing resourceDirectory D:\Projects\submissions\truyum-v2\monolithic-services\truyum\src\test\resources
